# JRE version: Java(TM) SE Runtime Environment (8.0_191-b12) (build 1.8.0_191-b12)
# Java VM: Java HotSpot(TM) 64-Bit Server VM (25.191-b12 mixed mode windows-amd64 compressed oops)
Heap:
 PSYoungGen      total 76288K, used 72463K [0x000000076b400000, 0x0000000773300000, 0x00000007c0000000)
  eden space 65536K, 94% used [0x000000076b400000,0x000000076f0448b8,0x000000076f400000)
  from space 10752K, 99% used [0x000000076f400000,0x000000076fe7f6a0,0x000000076fe80000)
  to   space 20480K, 0% used [0x0000000771f00000,0x0000000771f00000,0x0000000773300000)
 ParOldGen       total 124928K, used 24749K [0x00000006c1c00000, 0x00000006c9600000, 0x000000076b400000)
  object space 124928K, 19% used [0x00000006c1c00000,0x00000006c342b590,0x00000006c9600000)
 Metaspace       used 29346K, capacity 29914K, committed 29952K, reserved 1075200K
  class space    used 3441K, capacity 3580K, committed 3584K, reserved 1048576K
GC Heap History (10 events):
Event: 7.677 GC heap before
{Heap before GC invocations=2 (full 0):
 PSYoungGen      total 76288K, used 74867K [0x000000076b400000, 0x0000000770900000, 0x00000007c0000000)
  eden space 65536K, 100% used [0x000000076b400000,0x000000076f400000,0x000000076f400000)
  from space 10752K, 86% used [0x000000076f400000,0x000000076fd1cfd8,0x000000076fe80000)
  to   space 10752K, 0% used [0x000000076fe80000,0x000000076fe80000,0x0000000770900000)
 ParOldGen       total 175104K, used 16K [0x00000006c1c00000, 0x00000006cc700000, 0x000000076b400000)
  object space 175104K, 0% used [0x00000006c1c00000,0x00000006c1c04000,0x00000006cc700000)
 Metaspace       used 15808K, capacity 16096K, committed 16384K, reserved 1062912K
  class space    used 1890K, capacity 1978K, committed 2048K, reserved 1048576K
Event: 7.687 GC heap after
Heap after GC invocations=2 (full 0):
 PSYoungGen      total 76288K, used 10292K [0x000000076b400000, 0x0000000770900000, 0x00000007c0000000)
  eden space 65536K, 0% used [0x000000076b400000,0x000000076b400000,0x000000076f400000)
  from space 10752K, 95% used [0x000000076fe80000,0x000000077088d2e0,0x0000000770900000)
  to   space 10752K, 0% used [0x000000076f400000,0x000000076f400000,0x000000076fe80000)
 ParOldGen       total 175104K, used 32K [0x00000006c1c00000, 0x00000006cc700000, 0x000000076b400000)
  object space 175104K, 0% used [0x00000006c1c00000,0x00000006c1c08000,0x00000006cc700000)
 Metaspace       used 15808K, capacity 16096K, committed 16384K, reserved 1062912K
  class space    used 1890K, capacity 1978K, committed 2048K, reserved 1048576K
}
Event: 11.356 GC heap before
{Heap before GC invocations=3 (full 0):
 PSYoungGen      total 76288K, used 75224K [0x000000076b400000, 0x0000000770900000, 0x00000007c0000000)
  eden space 65536K, 99% used [0x000000076b400000,0x000000076f368e90,0x000000076f400000)
  from space 10752K, 95% used [0x000000076fe80000,0x000000077088d2e0,0x0000000770900000)
  to   space 10752K, 0% used [0x000000076f400000,0x000000076f400000,0x000000076fe80000)
 ParOldGen       total 175104K, used 32K [0x00000006c1c00000, 0x00000006cc700000, 0x000000076b400000)
  object space 175104K, 0% used [0x00000006c1c00000,0x00000006c1c08000,0x00000006cc700000)
 Metaspace       used 20681K, capacity 21120K, committed 21296K, reserved 1069056K
  class space    used 2484K, capacity 2610K, committed 2688K, reserved 1048576K
Event: 11.371 GC heap after
Heap after GC invocations=3 (full 0):
 PSYoungGen      total 76288K, used 10728K [0x000000076b400000, 0x0000000770900000, 0x00000007c0000000)
  eden space 65536K, 0% used [0x000000076b400000,0x000000076b400000,0x000000076f400000)
  from space 10752K, 99% used [0x000000076f400000,0x000000076fe7a060,0x000000076fe80000)
  to   space 10752K, 0% used [0x000000076fe80000,0x000000076fe80000,0x0000000770900000)
 ParOldGen       total 175104K, used 957K [0x00000006c1c00000, 0x00000006cc700000, 0x000000076b400000)
  object space 175104K, 0% used [0x00000006c1c00000,0x00000006c1cef570,0x00000006cc700000)
 Metaspace       used 20681K, capacity 21120K, committed 21296K, reserved 1069056K
  class space    used 2484K, capacity 2610K, committed 2688K, reserved 1048576K
}
Event: 11.371 GC heap before
{Heap before GC invocations=4 (full 1):
 PSYoungGen      total 76288K, used 10728K [0x000000076b400000, 0x0000000770900000, 0x00000007c0000000)
  eden space 65536K, 0% used [0x000000076b400000,0x000000076b400000,0x000000076f400000)
  from space 10752K, 99% used [0x000000076f400000,0x000000076fe7a060,0x000000076fe80000)
  to   space 10752K, 0% used [0x000000076fe80000,0x000000076fe80000,0x0000000770900000)
 ParOldGen       total 175104K, used 957K [0x00000006c1c00000, 0x00000006cc700000, 0x000000076b400000)
  object space 175104K, 0% used [0x00000006c1c00000,0x00000006c1cef570,0x00000006cc700000)
 Metaspace       used 20681K, capacity 21120K, committed 21296K, reserved 1069056K
  class space    used 2484K, capacity 2610K, committed 2688K, reserved 1048576K
Event: 11.455 GC heap after
Heap after GC invocations=4 (full 1):
 PSYoungGen      total 76288K, used 0K [0x000000076b400000, 0x0000000770900000, 0x00000007c0000000)
  eden space 65536K, 0% used [0x000000076b400000,0x000000076b400000,0x000000076f400000)
  from space 10752K, 0% used [0x000000076f400000,0x000000076f400000,0x000000076fe80000)
  to   space 10752K, 0% used [0x000000076fe80000,0x000000076fe80000,0x0000000770900000)
 ParOldGen       total 124928K, used 11542K [0x00000006c1c00000, 0x00000006c9600000, 0x000000076b400000)
  object space 124928K, 9% used [0x00000006c1c00000,0x00000006c2745890,0x00000006c9600000)
 Metaspace       used 20681K, capacity 21120K, committed 21296K, reserved 1069056K
  class space    used 2484K, capacity 2610K, committed 2688K, reserved 1048576K
}
Event: 20.427 GC heap before
{Heap before GC invocations=5 (full 1):
 PSYoungGen      total 76288K, used 65536K [0x000000076b400000, 0x0000000770900000, 0x00000007c0000000)
  eden space 65536K, 100% used [0x000000076b400000,0x000000076f400000,0x000000076f400000)
  from space 10752K, 0% used [0x000000076f400000,0x000000076f400000,0x000000076fe80000)
  to   space 10752K, 0% used [0x000000076fe80000,0x000000076fe80000,0x0000000770900000)
 ParOldGen       total 124928K, used 11542K [0x00000006c1c00000, 0x00000006c9600000, 0x000000076b400000)
  object space 124928K, 9% used [0x00000006c1c00000,0x00000006c2745890,0x00000006c9600000)
 Metaspace       used 22622K, capacity 23090K, committed 23216K, reserved 1069056K
  class space    used 2666K, capacity 2773K, committed 2816K, reserved 1048576K
Event: 20.443 GC heap after
Heap after GC invocations=5 (full 1):
 PSYoungGen      total 76288K, used 10741K [0x000000076b400000, 0x0000000771a80000, 0x00000007c0000000)
  eden space 65536K, 0% used [0x000000076b400000,0x000000076b400000,0x000000076f400000)
  from space 10752K, 99% used [0x000000076fe80000,0x00000007708fd418,0x0000000770900000)
  to   space 10752K, 0% used [0x000000076f400000,0x000000076f400000,0x000000076fe80000)
 ParOldGen       total 124928K, used 15810K [0x00000006c1c00000, 0x00000006c9600000, 0x000000076b400000)
  object space 124928K, 12% used [0x00000006c1c00000,0x00000006c2b708c0,0x00000006c9600000)
 Metaspace       used 22622K, capacity 23090K, committed 23216K, reserved 1069056K
  class space    used 2666K, capacity 2773K, committed 2816K, reserved 1048576K
}
Event: 22.465 GC heap before
{Heap before GC invocations=6 (full 1):
 PSYoungGen      total 76288K, used 76277K [0x000000076b400000, 0x0000000771a80000, 0x00000007c0000000)
  eden space 65536K, 100% used [0x000000076b400000,0x000000076f400000,0x000000076f400000)
  from space 10752K, 99% used [0x000000076fe80000,0x00000007708fd418,0x0000000770900000)
  to   space 10752K, 0% used [0x000000076f400000,0x000000076f400000,0x000000076fe80000)
 ParOldGen       total 124928K, used 15810K [0x00000006c1c00000, 0x00000006c9600000, 0x000000076b400000)
  object space 124928K, 12% used [0x00000006c1c00000,0x00000006c2b708c0,0x00000006c9600000)
 Metaspace       used 29244K, capacity 29786K, committed 29952K, reserved 1075200K
  class space    used 3441K, capacity 3580K, committed 3584K, reserved 1048576K
Event: 22.482 GC heap after
Heap after GC invocations=6 (full 1):
 PSYoungGen      total 76288K, used 10749K [0x000000076b400000, 0x0000000773300000, 0x00000007c0000000)
  eden space 65536K, 0% used [0x000000076b400000,0x000000076b400000,0x000000076f400000)
  from space 10752K, 99% used [0x000000076f400000,0x000000076fe7f6a0,0x000000076fe80000)
  to   space 20480K, 0% used [0x0000000771f00000,0x0000000771f00000,0x0000000773300000)
 ParOldGen       total 124928K, used 24749K [0x00000006c1c00000, 0x00000006c9600000, 0x000000076b400000)
  object space 124928K, 19% used [0x00000006c1c00000,0x00000006c342b590,0x00000006c9600000)
 Metaspace       used 29244K, capacity 29786K, committed 29952K, reserved 1075200K
  class space    used 3441K, capacity 3580K, committed 3584K, reserved 1048576K
}

