# JRE version: Java(TM) SE Runtime Environment (8.0_191-b12) (build 1.8.0_191-b12)
# Java VM: Java HotSpot(TM) 64-Bit Server VM (25.191-b12 mixed mode windows-amd64 compressed oops)
Heap:
 PSYoungGen      total 218624K, used 113602K [0x000000076b400000, 0x000000077ab80000, 0x00000007c0000000)
  eden space 190976K, 45% used [0x000000076b400000,0x00000007707f68e0,0x0000000776e80000)
  from space 27648K, 99% used [0x0000000778b80000,0x000000077a679fb8,0x000000077a680000)
  to   space 29696K, 0% used [0x0000000776e80000,0x0000000776e80000,0x0000000778b80000)
 ParOldGen       total 121856K, used 42491K [0x00000006c1c00000, 0x00000006c9300000, 0x000000076b400000)
  object space 121856K, 34% used [0x00000006c1c00000,0x00000006c457efb8,0x00000006c9300000)
 Metaspace       used 24256K, capacity 24880K, committed 25088K, reserved 1071104K
  class space    used 2802K, capacity 2966K, committed 3072K, reserved 1048576K
GC Heap History (10 events):
Event: 7.855 GC heap before
{Heap before GC invocations=9 (full 1):
 PSYoungGen      total 107008K, used 107006K [0x000000076b400000, 0x0000000776280000, 0x00000007c0000000)
  eden space 90624K, 100% used [0x000000076b400000,0x0000000770c80000,0x0000000770c80000)
  from space 16384K, 99% used [0x0000000770c80000,0x0000000771c7fb58,0x0000000771c80000)
  to   space 19456K, 0% used [0x0000000774f80000,0x0000000774f80000,0x0000000776280000)
 ParOldGen       total 121856K, used 18638K [0x00000006c1c00000, 0x00000006c9300000, 0x000000076b400000)
  object space 121856K, 15% used [0x00000006c1c00000,0x00000006c2e33948,0x00000006c9300000)
 Metaspace       used 24207K, capacity 24770K, committed 24960K, reserved 1071104K
  class space    used 2796K, capacity 2932K, committed 2944K, reserved 1048576K
Event: 7.901 GC heap after
Heap after GC invocations=9 (full 1):
 PSYoungGen      total 155648K, used 19438K [0x000000076b400000, 0x0000000777700000, 0x00000007c0000000)
  eden space 136192K, 0% used [0x000000076b400000,0x000000076b400000,0x0000000773900000)
  from space 19456K, 99% used [0x0000000774f80000,0x000000077627b9f8,0x0000000776280000)
  to   space 23040K, 0% used [0x0000000773900000,0x0000000773900000,0x0000000774f80000)
 ParOldGen       total 121856K, used 21490K [0x00000006c1c00000, 0x00000006c9300000, 0x000000076b400000)
  object space 121856K, 17% used [0x00000006c1c00000,0x00000006c30fc920,0x00000006c9300000)
 Metaspace       used 24207K, capacity 24770K, committed 24960K, reserved 1071104K
  class space    used 2796K, capacity 2932K, committed 2944K, reserved 1048576K
}
Event: 8.675 GC heap before
{Heap before GC invocations=10 (full 1):
 PSYoungGen      total 155648K, used 155630K [0x000000076b400000, 0x0000000777700000, 0x00000007c0000000)
  eden space 136192K, 100% used [0x000000076b400000,0x0000000773900000,0x0000000773900000)
  from space 19456K, 99% used [0x0000000774f80000,0x000000077627b9f8,0x0000000776280000)
  to   space 23040K, 0% used [0x0000000773900000,0x0000000773900000,0x0000000774f80000)
 ParOldGen       total 121856K, used 21490K [0x00000006c1c00000, 0x00000006c9300000, 0x000000076b400000)
  object space 121856K, 17% used [0x00000006c1c00000,0x00000006c30fc920,0x00000006c9300000)
 Metaspace       used 24224K, capacity 24778K, committed 24960K, reserved 1071104K
  class space    used 2797K, capacity 2932K, committed 2944K, reserved 1048576K
Event: 8.702 GC heap after
Heap after GC invocations=10 (full 1):
 PSYoungGen      total 159232K, used 23030K [0x000000076b400000, 0x000000077a680000, 0x00000007c0000000)
  eden space 136192K, 0% used [0x000000076b400000,0x000000076b400000,0x0000000773900000)
  from space 23040K, 99% used [0x0000000773900000,0x0000000774f7d8f8,0x0000000774f80000)
  to   space 27648K, 0% used [0x0000000778b80000,0x0000000778b80000,0x000000077a680000)
 ParOldGen       total 121856K, used 27037K [0x00000006c1c00000, 0x00000006c9300000, 0x000000076b400000)
  object space 121856K, 22% used [0x00000006c1c00000,0x00000006c36677c8,0x00000006c9300000)
 Metaspace       used 24224K, capacity 24778K, committed 24960K, reserved 1071104K
  class space    used 2797K, capacity 2932K, committed 2944K, reserved 1048576K
}
Event: 9.499 GC heap before
{Heap before GC invocations=11 (full 1):
 PSYoungGen      total 159232K, used 159222K [0x000000076b400000, 0x000000077a680000, 0x00000007c0000000)
  eden space 136192K, 100% used [0x000000076b400000,0x0000000773900000,0x0000000773900000)
  from space 23040K, 99% used [0x0000000773900000,0x0000000774f7d8f8,0x0000000774f80000)
  to   space 27648K, 0% used [0x0000000778b80000,0x0000000778b80000,0x000000077a680000)
 ParOldGen       total 121856K, used 27037K [0x00000006c1c00000, 0x00000006c9300000, 0x000000076b400000)
  object space 121856K, 22% used [0x00000006c1c00000,0x00000006c36677c8,0x00000006c9300000)
 Metaspace       used 24230K, capacity 24778K, committed 24960K, reserved 1071104K
  class space    used 2797K, capacity 2932K, committed 2944K, reserved 1048576K
Event: 9.529 GC heap after
Heap after GC invocations=11 (full 1):
 PSYoungGen      total 218624K, used 24378K [0x000000076b400000, 0x000000077ab80000, 0x00000007c0000000)
  eden space 190976K, 0% used [0x000000076b400000,0x000000076b400000,0x0000000776e80000)
  from space 27648K, 88% used [0x0000000778b80000,0x000000077a34eac8,0x000000077a680000)
  to   space 29696K, 0% used [0x0000000776e80000,0x0000000776e80000,0x0000000778b80000)
 ParOldGen       total 121856K, used 29887K [0x00000006c1c00000, 0x00000006c9300000, 0x000000076b400000)
  object space 121856K, 24% used [0x00000006c1c00000,0x00000006c392fe68,0x00000006c9300000)
 Metaspace       used 24230K, capacity 24778K, committed 24960K, reserved 1071104K
  class space    used 2797K, capacity 2932K, committed 2944K, reserved 1048576K
}
Event: 10.243 GC heap before
{Heap before GC invocations=12 (full 1):
 PSYoungGen      total 218624K, used 215354K [0x000000076b400000, 0x000000077ab80000, 0x00000007c0000000)
  eden space 190976K, 100% used [0x000000076b400000,0x0000000776e80000,0x0000000776e80000)
  from space 27648K, 88% used [0x0000000778b80000,0x000000077a34eac8,0x000000077a680000)
  to   space 29696K, 0% used [0x0000000776e80000,0x0000000776e80000,0x0000000778b80000)
 ParOldGen       total 121856K, used 29887K [0x00000006c1c00000, 0x00000006c9300000, 0x000000076b400000)
  object space 121856K, 24% used [0x00000006c1c00000,0x00000006c392fe68,0x00000006c9300000)
 Metaspace       used 24241K, capacity 24848K, committed 24960K, reserved 1071104K
  class space    used 2800K, capacity 2934K, committed 2944K, reserved 1048576K
Event: 10.271 GC heap after
Heap after GC invocations=12 (full 1):
 PSYoungGen      total 220672K, used 29695K [0x000000076b400000, 0x000000077ab80000, 0x00000007c0000000)
  eden space 190976K, 0% used [0x000000076b400000,0x000000076b400000,0x0000000776e80000)
  from space 29696K, 99% used [0x0000000776e80000,0x0000000778b7ff08,0x0000000778b80000)
  to   space 27648K, 0% used [0x0000000778b80000,0x0000000778b80000,0x000000077a680000)
 ParOldGen       total 121856K, used 37143K [0x00000006c1c00000, 0x00000006c9300000, 0x000000076b400000)
  object space 121856K, 30% used [0x00000006c1c00000,0x00000006c4045ec0,0x00000006c9300000)
 Metaspace       used 24241K, capacity 24848K, committed 24960K, reserved 1071104K
  class space    used 2800K, capacity 2934K, committed 2944K, reserved 1048576K
}
Event: 11.002 GC heap before
{Heap before GC invocations=13 (full 1):
 PSYoungGen      total 220672K, used 220671K [0x000000076b400000, 0x000000077ab80000, 0x00000007c0000000)
  eden space 190976K, 100% used [0x000000076b400000,0x0000000776e80000,0x0000000776e80000)
  from space 29696K, 99% used [0x0000000776e80000,0x0000000778b7ff08,0x0000000778b80000)
  to   space 27648K, 0% used [0x0000000778b80000,0x0000000778b80000,0x000000077a680000)
 ParOldGen       total 121856K, used 37143K [0x00000006c1c00000, 0x00000006c9300000, 0x000000076b400000)
  object space 121856K, 30% used [0x00000006c1c00000,0x00000006c4045ec0,0x00000006c9300000)
 Metaspace       used 24254K, capacity 24880K, committed 25088K, reserved 1071104K
  class space    used 2802K, capacity 2966K, committed 3072K, reserved 1048576K
Event: 11.027 GC heap after
Heap after GC invocations=13 (full 1):
 PSYoungGen      total 218624K, used 27623K [0x000000076b400000, 0x000000077ab80000, 0x00000007c0000000)
  eden space 190976K, 0% used [0x000000076b400000,0x000000076b400000,0x0000000776e80000)
  from space 27648K, 99% used [0x0000000778b80000,0x000000077a679fb8,0x000000077a680000)
  to   space 29696K, 0% used [0x0000000776e80000,0x0000000776e80000,0x0000000778b80000)
 ParOldGen       total 121856K, used 42491K [0x00000006c1c00000, 0x00000006c9300000, 0x000000076b400000)
  object space 121856K, 34% used [0x00000006c1c00000,0x00000006c457efb8,0x00000006c9300000)
 Metaspace       used 24254K, capacity 24880K, committed 25088K, reserved 1071104K
  class space    used 2802K, capacity 2966K, committed 3072K, reserved 1048576K
}

