# JRE version: Java(TM) SE Runtime Environment (8.0_191-b12) (build 1.8.0_191-b12)
# Java VM: Java HotSpot(TM) 64-Bit Server VM (25.191-b12 mixed mode windows-amd64 compressed oops)
Heap:
 PSYoungGen      total 305664K, used 275464K [0x000000076b400000, 0x0000000782500000, 0x00000007c0000000)
  eden space 262144K, 88% used [0x000000076b400000,0x0000000779687ea0,0x000000077b400000)
  from space 43520K, 99% used [0x000000077b400000,0x000000077de7a330,0x000000077de80000)
  to   space 35328K, 0% used [0x000000077de80000,0x000000077de80000,0x0000000780100000)
 ParOldGen       total 122368K, used 52436K [0x00000006c1c00000, 0x00000006c9380000, 0x000000076b400000)
  object space 122368K, 42% used [0x00000006c1c00000,0x00000006c4f35190,0x00000006c9380000)
 Metaspace       used 25086K, capacity 25690K, committed 25856K, reserved 1073152K
  class space    used 2896K, capacity 3067K, committed 3072K, reserved 1048576K
GC Heap History (10 events):
Event: 4.477 GC heap before
{Heap before GC invocations=6 (full 1):
 PSYoungGen      total 141824K, used 131072K [0x000000076b400000, 0x0000000774900000, 0x00000007c0000000)
  eden space 131072K, 100% used [0x000000076b400000,0x0000000773400000,0x0000000773400000)
  from space 10752K, 0% used [0x0000000773e80000,0x0000000773e80000,0x0000000774900000)
  to   space 10752K, 0% used [0x0000000773400000,0x0000000773400000,0x0000000773e80000)
 ParOldGen       total 122368K, used 13938K [0x00000006c1c00000, 0x00000006c9380000, 0x000000076b400000)
  object space 122368K, 11% used [0x00000006c1c00000,0x00000006c299cbf8,0x00000006c9380000)
 Metaspace       used 24202K, capacity 24770K, committed 24960K, reserved 1071104K
  class space    used 2796K, capacity 2932K, committed 2944K, reserved 1048576K
Event: 4.500 GC heap after
Heap after GC invocations=6 (full 1):
 PSYoungGen      total 141824K, used 10748K [0x000000076b400000, 0x0000000779180000, 0x00000007c0000000)
  eden space 131072K, 0% used [0x000000076b400000,0x000000076b400000,0x0000000773400000)
  from space 10752K, 99% used [0x0000000773400000,0x0000000773e7f0c8,0x0000000773e80000)
  to   space 20480K, 0% used [0x0000000777d80000,0x0000000777d80000,0x0000000779180000)
 ParOldGen       total 122368K, used 23562K [0x00000006c1c00000, 0x00000006c9380000, 0x000000076b400000)
  object space 122368K, 19% used [0x00000006c1c00000,0x00000006c3302900,0x00000006c9380000)
 Metaspace       used 24202K, capacity 24770K, committed 24960K, reserved 1071104K
  class space    used 2796K, capacity 2932K, committed 2944K, reserved 1048576K
}
Event: 5.331 GC heap before
{Heap before GC invocations=7 (full 1):
 PSYoungGen      total 141824K, used 141820K [0x000000076b400000, 0x0000000779180000, 0x00000007c0000000)
  eden space 131072K, 100% used [0x000000076b400000,0x0000000773400000,0x0000000773400000)
  from space 10752K, 99% used [0x0000000773400000,0x0000000773e7f0c8,0x0000000773e80000)
  to   space 20480K, 0% used [0x0000000777d80000,0x0000000777d80000,0x0000000779180000)
 ParOldGen       total 122368K, used 23562K [0x00000006c1c00000, 0x00000006c9380000, 0x000000076b400000)
  object space 122368K, 19% used [0x00000006c1c00000,0x00000006c3302900,0x00000006c9380000)
 Metaspace       used 24234K, capacity 24848K, committed 24960K, reserved 1071104K
  class space    used 2799K, capacity 2934K, committed 2944K, reserved 1048576K
Event: 5.358 GC heap after
Heap after GC invocations=7 (full 1):
 PSYoungGen      total 200704K, used 20467K [0x000000076b400000, 0x000000077a500000, 0x00000007c0000000)
  eden space 180224K, 0% used [0x000000076b400000,0x000000076b400000,0x0000000776400000)
  from space 20480K, 99% used [0x0000000777d80000,0x000000077917cc00,0x0000000779180000)
  to   space 26112K, 0% used [0x0000000776400000,0x0000000776400000,0x0000000777d80000)
 ParOldGen       total 122368K, used 28446K [0x00000006c1c00000, 0x00000006c9380000, 0x000000076b400000)
  object space 122368K, 23% used [0x00000006c1c00000,0x00000006c37c7ab0,0x00000006c9380000)
 Metaspace       used 24234K, capacity 24848K, committed 24960K, reserved 1071104K
  class space    used 2799K, capacity 2934K, committed 2944K, reserved 1048576K
}
Event: 6.216 GC heap before
{Heap before GC invocations=8 (full 1):
 PSYoungGen      total 200704K, used 200691K [0x000000076b400000, 0x000000077a500000, 0x00000007c0000000)
  eden space 180224K, 100% used [0x000000076b400000,0x0000000776400000,0x0000000776400000)
  from space 20480K, 99% used [0x0000000777d80000,0x000000077917cc00,0x0000000779180000)
  to   space 26112K, 0% used [0x0000000776400000,0x0000000776400000,0x0000000777d80000)
 ParOldGen       total 122368K, used 28446K [0x00000006c1c00000, 0x00000006c9380000, 0x000000076b400000)
  object space 122368K, 23% used [0x00000006c1c00000,0x00000006c37c7ab0,0x00000006c9380000)
 Metaspace       used 24252K, capacity 24882K, committed 25088K, reserved 1071104K
  class space    used 2802K, capacity 2968K, committed 3072K, reserved 1048576K
Event: 6.237 GC heap after
Heap after GC invocations=8 (full 1):
 PSYoungGen      total 206336K, used 26083K [0x000000076b400000, 0x0000000780100000, 0x00000007c0000000)
  eden space 180224K, 0% used [0x000000076b400000,0x000000076b400000,0x0000000776400000)
  from space 26112K, 99% used [0x0000000776400000,0x0000000777d78e00,0x0000000777d80000)
  to   space 35328K, 0% used [0x000000077de80000,0x000000077de80000,0x0000000780100000)
 ParOldGen       total 122368K, used 38800K [0x00000006c1c00000, 0x00000006c9380000, 0x000000076b400000)
  object space 122368K, 31% used [0x00000006c1c00000,0x00000006c41e40a0,0x00000006c9380000)
 Metaspace       used 24252K, capacity 24882K, committed 25088K, reserved 1071104K
  class space    used 2802K, capacity 2968K, committed 3072K, reserved 1048576K
}
Event: 6.768 GC heap before
{Heap before GC invocations=9 (full 1):
 PSYoungGen      total 206336K, used 206307K [0x000000076b400000, 0x0000000780100000, 0x00000007c0000000)
  eden space 180224K, 100% used [0x000000076b400000,0x0000000776400000,0x0000000776400000)
  from space 26112K, 99% used [0x0000000776400000,0x0000000777d78e00,0x0000000777d80000)
  to   space 35328K, 0% used [0x000000077de80000,0x000000077de80000,0x0000000780100000)
 ParOldGen       total 122368K, used 38800K [0x00000006c1c00000, 0x00000006c9380000, 0x000000076b400000)
  object space 122368K, 31% used [0x00000006c1c00000,0x00000006c41e40a0,0x00000006c9380000)
 Metaspace       used 24256K, capacity 24882K, committed 25088K, reserved 1071104K
  class space    used 2803K, capacity 2968K, committed 3072K, reserved 1048576K
Event: 6.806 GC heap after
Heap after GC invocations=9 (full 1):
 PSYoungGen      total 297472K, used 35319K [0x000000076b400000, 0x0000000782500000, 0x00000007c0000000)
  eden space 262144K, 0% used [0x000000076b400000,0x000000076b400000,0x000000077b400000)
  from space 35328K, 99% used [0x000000077de80000,0x00000007800fdfc8,0x0000000780100000)
  to   space 43520K, 0% used [0x000000077b400000,0x000000077b400000,0x000000077de80000)
 ParOldGen       total 122368K, used 44527K [0x00000006c1c00000, 0x00000006c9380000, 0x000000076b400000)
  object space 122368K, 36% used [0x00000006c1c00000,0x00000006c477bf70,0x00000006c9380000)
 Metaspace       used 24256K, capacity 24882K, committed 25088K, reserved 1071104K
  class space    used 2803K, capacity 2968K, committed 3072K, reserved 1048576K
}
Event: 7.730 GC heap before
{Heap before GC invocations=10 (full 1):
 PSYoungGen      total 297472K, used 297463K [0x000000076b400000, 0x0000000782500000, 0x00000007c0000000)
  eden space 262144K, 100% used [0x000000076b400000,0x000000077b400000,0x000000077b400000)
  from space 35328K, 99% used [0x000000077de80000,0x00000007800fdfc8,0x0000000780100000)
  to   space 43520K, 0% used [0x000000077b400000,0x000000077b400000,0x000000077de80000)
 ParOldGen       total 122368K, used 44527K [0x00000006c1c00000, 0x00000006c9380000, 0x000000076b400000)
  object space 122368K, 36% used [0x00000006c1c00000,0x00000006c477bf70,0x00000006c9380000)
 Metaspace       used 24261K, capacity 24882K, committed 25088K, reserved 1071104K
  class space    used 2803K, capacity 2968K, committed 3072K, reserved 1048576K
Event: 7.769 GC heap after
Heap after GC invocations=10 (full 1):
 PSYoungGen      total 305664K, used 43496K [0x000000076b400000, 0x0000000782500000, 0x00000007c0000000)
  eden space 262144K, 0% used [0x000000076b400000,0x000000076b400000,0x000000077b400000)
  from space 43520K, 99% used [0x000000077b400000,0x000000077de7a330,0x000000077de80000)
  to   space 35328K, 0% used [0x000000077de80000,0x000000077de80000,0x0000000780100000)
 ParOldGen       total 122368K, used 52436K [0x00000006c1c00000, 0x00000006c9380000, 0x000000076b400000)
  object space 122368K, 42% used [0x00000006c1c00000,0x00000006c4f35190,0x00000006c9380000)
 Metaspace       used 24261K, capacity 24882K, committed 25088K, reserved 1071104K
  class space    used 2803K, capacity 2968K, committed 3072K, reserved 1048576K
}

