# JRE version: Java(TM) SE Runtime Environment (8.0_191-b12) (build 1.8.0_191-b12)
# Java VM: Java HotSpot(TM) 64-Bit Server VM (25.191-b12 mixed mode windows-amd64 compressed oops)
Heap:
 PSYoungGen      total 253952K, used 10233K [0x000000076b400000, 0x000000077cc80000, 0x00000007c0000000)
  eden space 222720K, 0% used [0x000000076b400000,0x000000076b400000,0x0000000778d80000)
  from space 31232K, 32% used [0x0000000778d80000,0x000000077977e7c0,0x000000077ac00000)
  to   space 29184K, 0% used [0x000000077ac00000,0x000000077ac00000,0x000000077c880000)
 ParOldGen       total 119296K, used 42232K [0x00000006c1c00000, 0x00000006c9080000, 0x000000076b400000)
  object space 119296K, 35% used [0x00000006c1c00000,0x00000006c453e320,0x00000006c9080000)
 Metaspace       used 48018K, capacity 49418K, committed 49584K, reserved 1093632K
  class space    used 5720K, capacity 6055K, committed 6064K, reserved 1048576K
GC Heap History (10 events):
Event: 8.340 GC heap after
Heap after GC invocations=13 (full 1):
 PSYoungGen      total 251904K, used 29176K [0x000000076b400000, 0x000000077cc80000, 0x00000007c0000000)
  eden space 222720K, 0% used [0x000000076b400000,0x000000076b400000,0x0000000778d80000)
  from space 29184K, 99% used [0x000000077ac00000,0x000000077c87e2e8,0x000000077c880000)
  to   space 31232K, 0% used [0x0000000778d80000,0x0000000778d80000,0x000000077ac00000)
 ParOldGen       total 119296K, used 49060K [0x00000006c1c00000, 0x00000006c9080000, 0x000000076b400000)
  object space 119296K, 41% used [0x00000006c1c00000,0x00000006c4be9170,0x00000006c9080000)
 Metaspace       used 23899K, capacity 24530K, committed 24752K, reserved 1071104K
  class space    used 2765K, capacity 2936K, committed 2992K, reserved 1048576K
}
Event: 9.622 GC heap before
{Heap before GC invocations=14 (full 1):
 PSYoungGen      total 251904K, used 168565K [0x000000076b400000, 0x000000077cc80000, 0x00000007c0000000)
  eden space 222720K, 62% used [0x000000076b400000,0x0000000773c1f348,0x0000000778d80000)
  from space 29184K, 99% used [0x000000077ac00000,0x000000077c87e2e8,0x000000077c880000)
  to   space 31232K, 0% used [0x0000000778d80000,0x0000000778d80000,0x000000077ac00000)
 ParOldGen       total 119296K, used 49060K [0x00000006c1c00000, 0x00000006c9080000, 0x000000076b400000)
  object space 119296K, 41% used [0x00000006c1c00000,0x00000006c4be9170,0x00000006c9080000)
 Metaspace       used 34596K, capacity 35410K, committed 35496K, reserved 1081344K
  class space    used 4108K, capacity 4367K, committed 4400K, reserved 1048576K
Event: 9.632 GC heap after
Heap after GC invocations=14 (full 1):
 PSYoungGen      total 253952K, used 10569K [0x000000076b400000, 0x000000077cc80000, 0x00000007c0000000)
  eden space 222720K, 0% used [0x000000076b400000,0x000000076b400000,0x0000000778d80000)
  from space 31232K, 33% used [0x0000000778d80000,0x00000007797d2730,0x000000077ac00000)
  to   space 29184K, 0% used [0x000000077ac00000,0x000000077ac00000,0x000000077c880000)
 ParOldGen       total 119296K, used 55901K [0x00000006c1c00000, 0x00000006c9080000, 0x000000076b400000)
  object space 119296K, 46% used [0x00000006c1c00000,0x00000006c52974d0,0x00000006c9080000)
 Metaspace       used 34596K, capacity 35410K, committed 35496K, reserved 1081344K
  class space    used 4108K, capacity 4367K, committed 4400K, reserved 1048576K
}
Event: 9.632 GC heap before
{Heap before GC invocations=15 (full 2):
 PSYoungGen      total 253952K, used 10569K [0x000000076b400000, 0x000000077cc80000, 0x00000007c0000000)
  eden space 222720K, 0% used [0x000000076b400000,0x000000076b400000,0x0000000778d80000)
  from space 31232K, 33% used [0x0000000778d80000,0x00000007797d2730,0x000000077ac00000)
  to   space 29184K, 0% used [0x000000077ac00000,0x000000077ac00000,0x000000077c880000)
 ParOldGen       total 119296K, used 55901K [0x00000006c1c00000, 0x00000006c9080000, 0x000000076b400000)
  object space 119296K, 46% used [0x00000006c1c00000,0x00000006c52974d0,0x00000006c9080000)
 Metaspace       used 34596K, capacity 35410K, committed 35496K, reserved 1081344K
  class space    used 4108K, capacity 4367K, committed 4400K, reserved 1048576K
Event: 9.682 GC heap after
Heap after GC invocations=15 (full 2):
 PSYoungGen      total 253952K, used 0K [0x000000076b400000, 0x000000077cc80000, 0x00000007c0000000)
  eden space 222720K, 0% used [0x000000076b400000,0x000000076b400000,0x0000000778d80000)
  from space 31232K, 0% used [0x0000000778d80000,0x0000000778d80000,0x000000077ac00000)
  to   space 29184K, 0% used [0x000000077ac00000,0x000000077ac00000,0x000000077c880000)
 ParOldGen       total 119296K, used 36660K [0x00000006c1c00000, 0x00000006c9080000, 0x000000076b400000)
  object space 119296K, 30% used [0x00000006c1c00000,0x00000006c3fcd1f8,0x00000006c9080000)
 Metaspace       used 34596K, capacity 35410K, committed 35496K, reserved 1081344K
  class space    used 4108K, capacity 4367K, committed 4400K, reserved 1048576K
}
Event: 12.104 GC heap before
{Heap before GC invocations=16 (full 2):
 PSYoungGen      total 253952K, used 222720K [0x000000076b400000, 0x000000077cc80000, 0x00000007c0000000)
  eden space 222720K, 100% used [0x000000076b400000,0x0000000778d80000,0x0000000778d80000)
  from space 31232K, 0% used [0x0000000778d80000,0x0000000778d80000,0x000000077ac00000)
  to   space 29184K, 0% used [0x000000077ac00000,0x000000077ac00000,0x000000077c880000)
 ParOldGen       total 119296K, used 36660K [0x00000006c1c00000, 0x00000006c9080000, 0x000000076b400000)
  object space 119296K, 30% used [0x00000006c1c00000,0x00000006c3fcd1f8,0x00000006c9080000)
 Metaspace       used 43135K, capacity 44120K, committed 44336K, reserved 1087488K
  class space    used 5109K, capacity 5386K, committed 5424K, reserved 1048576K
Event: 12.111 GC heap after
Heap after GC invocations=16 (full 2):
 PSYoungGen      total 251904K, used 13079K [0x000000076b400000, 0x000000077cc80000, 0x00000007c0000000)
  eden space 222720K, 0% used [0x000000076b400000,0x000000076b400000,0x0000000778d80000)
  from space 29184K, 44% used [0x000000077ac00000,0x000000077b8c5f70,0x000000077c880000)
  to   space 31232K, 0% used [0x0000000778d80000,0x0000000778d80000,0x000000077ac00000)
 ParOldGen       total 119296K, used 36668K [0x00000006c1c00000, 0x00000006c9080000, 0x000000076b400000)
  object space 119296K, 30% used [0x00000006c1c00000,0x00000006c3fcf1f8,0x00000006c9080000)
 Metaspace       used 43135K, capacity 44120K, committed 44336K, reserved 1087488K
  class space    used 5109K, capacity 5386K, committed 5424K, reserved 1048576K
}
Event: 38.787 GC heap before
{Heap before GC invocations=17 (full 2):
 PSYoungGen      total 251904K, used 123354K [0x000000076b400000, 0x000000077cc80000, 0x00000007c0000000)
  eden space 222720K, 49% used [0x000000076b400000,0x0000000771fb0a68,0x0000000778d80000)
  from space 29184K, 44% used [0x000000077ac00000,0x000000077b8c5f70,0x000000077c880000)
  to   space 31232K, 0% used [0x0000000778d80000,0x0000000778d80000,0x000000077ac00000)
 ParOldGen       total 119296K, used 36668K [0x00000006c1c00000, 0x00000006c9080000, 0x000000076b400000)
  object space 119296K, 30% used [0x00000006c1c00000,0x00000006c3fcf1f8,0x00000006c9080000)
 Metaspace       used 48018K, capacity 49418K, committed 49584K, reserved 1093632K
  class space    used 5720K, capacity 6055K, committed 6064K, reserved 1048576K
Event: 38.798 GC heap after
Heap after GC invocations=17 (full 2):
 PSYoungGen      total 253952K, used 10233K [0x000000076b400000, 0x000000077cc80000, 0x00000007c0000000)
  eden space 222720K, 0% used [0x000000076b400000,0x000000076b400000,0x0000000778d80000)
  from space 31232K, 32% used [0x0000000778d80000,0x000000077977e7c0,0x000000077ac00000)
  to   space 29184K, 0% used [0x000000077ac00000,0x000000077ac00000,0x000000077c880000)
 ParOldGen       total 119296K, used 42232K [0x00000006c1c00000, 0x00000006c9080000, 0x000000076b400000)
  object space 119296K, 35% used [0x00000006c1c00000,0x00000006c453e320,0x00000006c9080000)
 Metaspace       used 48018K, capacity 49418K, committed 49584K, reserved 1093632K
  class space    used 5720K, capacity 6055K, committed 6064K, reserved 1048576K
}
Event: 38.798 GC heap before
{Heap before GC invocations=18 (full 3):
 PSYoungGen      total 253952K, used 10233K [0x000000076b400000, 0x000000077cc80000, 0x00000007c0000000)
  eden space 222720K, 0% used [0x000000076b400000,0x000000076b400000,0x0000000778d80000)
  from space 31232K, 32% used [0x0000000778d80000,0x000000077977e7c0,0x000000077ac00000)
  to   space 29184K, 0% used [0x000000077ac00000,0x000000077ac00000,0x000000077c880000)
 ParOldGen       total 119296K, used 42232K [0x00000006c1c00000, 0x00000006c9080000, 0x000000076b400000)
  object space 119296K, 35% used [0x00000006c1c00000,0x00000006c453e320,0x00000006c9080000)
 Metaspace       used 48018K, capacity 49418K, committed 49584K, reserved 1093632K
  class space    used 5720K, capacity 6055K, committed 6064K, reserved 1048576K

