# JRE version: Java(TM) SE Runtime Environment (8.0_191-b12) (build 1.8.0_191-b12)
# Java VM: Java HotSpot(TM) 64-Bit Server VM (25.191-b12 mixed mode windows-amd64 compressed oops)
Heap:
 PSYoungGen      total 125952K, used 86016K [0x000000076b400000, 0x0000000778d00000, 0x00000007c0000000)
  eden space 109568K, 63% used [0x000000076b400000,0x000000076f802568,0x0000000771f00000)
  from space 16384K, 99% used [0x0000000771f00000,0x0000000772efdd20,0x0000000772f00000)
  to   space 21504K, 0% used [0x0000000777800000,0x0000000777800000,0x0000000778d00000)
 ParOldGen       total 116736K, used 23784K [0x00000006c1c00000, 0x00000006c8e00000, 0x000000076b400000)
  object space 116736K, 20% used [0x00000006c1c00000,0x00000006c333a3a0,0x00000006c8e00000)
 Metaspace       used 23856K, capacity 24386K, committed 24496K, reserved 1071104K
  class space    used 2759K, capacity 2932K, committed 2992K, reserved 1048576K
GC Heap History (10 events):
Event: 6.328 GC heap before
{Heap before GC invocations=4 (full 0):
 PSYoungGen      total 76288K, used 38131K [0x000000076b400000, 0x0000000774900000, 0x00000007c0000000)
  eden space 65536K, 41% used [0x000000076b400000,0x000000076cebe1a8,0x000000076f400000)
  from space 10752K, 99% used [0x000000076f400000,0x000000076fe7eb90,0x000000076fe80000)
  to   space 10752K, 0% used [0x0000000773e80000,0x0000000773e80000,0x0000000774900000)
 ParOldGen       total 175104K, used 1410K [0x00000006c1c00000, 0x00000006cc700000, 0x000000076b400000)
  object space 175104K, 0% used [0x00000006c1c00000,0x00000006c1d60a28,0x00000006cc700000)
 Metaspace       used 20689K, capacity 21182K, committed 21296K, reserved 1069056K
  class space    used 2421K, capacity 2589K, committed 2608K, reserved 1048576K
Event: 6.342 GC heap after
Heap after GC invocations=4 (full 0):
 PSYoungGen      total 76288K, used 10744K [0x000000076b400000, 0x0000000774900000, 0x00000007c0000000)
  eden space 65536K, 0% used [0x000000076b400000,0x000000076b400000,0x000000076f400000)
  from space 10752K, 99% used [0x0000000773e80000,0x00000007748fe030,0x0000000774900000)
  to   space 10752K, 0% used [0x000000076f400000,0x000000076f400000,0x000000076fe80000)
 ParOldGen       total 175104K, used 4598K [0x00000006c1c00000, 0x00000006cc700000, 0x000000076b400000)
  object space 175104K, 2% used [0x00000006c1c00000,0x00000006c207dbd0,0x00000006cc700000)
 Metaspace       used 20689K, capacity 21182K, committed 21296K, reserved 1069056K
  class space    used 2421K, capacity 2589K, committed 2608K, reserved 1048576K
}
Event: 6.342 GC heap before
{Heap before GC invocations=5 (full 1):
 PSYoungGen      total 76288K, used 10744K [0x000000076b400000, 0x0000000774900000, 0x00000007c0000000)
  eden space 65536K, 0% used [0x000000076b400000,0x000000076b400000,0x000000076f400000)
  from space 10752K, 99% used [0x0000000773e80000,0x00000007748fe030,0x0000000774900000)
  to   space 10752K, 0% used [0x000000076f400000,0x000000076f400000,0x000000076fe80000)
 ParOldGen       total 175104K, used 4598K [0x00000006c1c00000, 0x00000006cc700000, 0x000000076b400000)
  object space 175104K, 2% used [0x00000006c1c00000,0x00000006c207dbd0,0x00000006cc700000)
 Metaspace       used 20689K, capacity 21182K, committed 21296K, reserved 1069056K
  class space    used 2421K, capacity 2589K, committed 2608K, reserved 1048576K
Event: 6.407 GC heap after
Heap after GC invocations=5 (full 1):
 PSYoungGen      total 76288K, used 0K [0x000000076b400000, 0x0000000774900000, 0x00000007c0000000)
  eden space 65536K, 0% used [0x000000076b400000,0x000000076b400000,0x000000076f400000)
  from space 10752K, 0% used [0x0000000773e80000,0x0000000773e80000,0x0000000774900000)
  to   space 10752K, 0% used [0x000000076f400000,0x000000076f400000,0x000000076fe80000)
 ParOldGen       total 116736K, used 13729K [0x00000006c1c00000, 0x00000006c8e00000, 0x000000076b400000)
  object space 116736K, 11% used [0x00000006c1c00000,0x00000006c29686c0,0x00000006c8e00000)
 Metaspace       used 20689K, capacity 21182K, committed 21296K, reserved 1069056K
  class space    used 2421K, capacity 2589K, committed 2608K, reserved 1048576K
}
Event: 7.441 GC heap before
{Heap before GC invocations=6 (full 1):
 PSYoungGen      total 76288K, used 65536K [0x000000076b400000, 0x0000000774900000, 0x00000007c0000000)
  eden space 65536K, 100% used [0x000000076b400000,0x000000076f400000,0x000000076f400000)
  from space 10752K, 0% used [0x0000000773e80000,0x0000000773e80000,0x0000000774900000)
  to   space 10752K, 0% used [0x000000076f400000,0x000000076f400000,0x000000076fe80000)
 ParOldGen       total 116736K, used 13729K [0x00000006c1c00000, 0x00000006c8e00000, 0x000000076b400000)
  object space 116736K, 11% used [0x00000006c1c00000,0x00000006c29686c0,0x00000006c8e00000)
 Metaspace       used 23827K, capacity 24354K, committed 24496K, reserved 1071104K
  class space    used 2757K, capacity 2900K, committed 2992K, reserved 1048576K
Event: 7.454 GC heap after
Heap after GC invocations=6 (full 1):
 PSYoungGen      total 76288K, used 10730K [0x000000076b400000, 0x0000000773f00000, 0x00000007c0000000)
  eden space 65536K, 0% used [0x000000076b400000,0x000000076b400000,0x000000076f400000)
  from space 10752K, 99% used [0x000000076f400000,0x000000076fe7abf8,0x000000076fe80000)
  to   space 14336K, 0% used [0x0000000773100000,0x0000000773100000,0x0000000773f00000)
 ParOldGen       total 116736K, used 14773K [0x00000006c1c00000, 0x00000006c8e00000, 0x000000076b400000)
  object space 116736K, 12% used [0x00000006c1c00000,0x00000006c2a6d578,0x00000006c8e00000)
 Metaspace       used 23827K, capacity 24354K, committed 24496K, reserved 1071104K
  class space    used 2757K, capacity 2900K, committed 2992K, reserved 1048576K
}
Event: 7.919 GC heap before
{Heap before GC invocations=7 (full 1):
 PSYoungGen      total 76288K, used 76266K [0x000000076b400000, 0x0000000773f00000, 0x00000007c0000000)
  eden space 65536K, 100% used [0x000000076b400000,0x000000076f400000,0x000000076f400000)
  from space 10752K, 99% used [0x000000076f400000,0x000000076fe7abf8,0x000000076fe80000)
  to   space 14336K, 0% used [0x0000000773100000,0x0000000773100000,0x0000000773f00000)
 ParOldGen       total 116736K, used 14773K [0x00000006c1c00000, 0x00000006c8e00000, 0x000000076b400000)
  object space 116736K, 12% used [0x00000006c1c00000,0x00000006c2a6d578,0x00000006c8e00000)
 Metaspace       used 23838K, capacity 24354K, committed 24496K, reserved 1071104K
  class space    used 2757K, capacity 2900K, committed 2992K, reserved 1048576K
Event: 7.933 GC heap after
Heap after GC invocations=7 (full 1):
 PSYoungGen      total 118784K, used 14328K [0x000000076b400000, 0x0000000773f00000, 0x00000007c0000000)
  eden space 104448K, 0% used [0x000000076b400000,0x000000076b400000,0x0000000771a00000)
  from space 14336K, 99% used [0x0000000773100000,0x0000000773efe0e0,0x0000000773f00000)
  to   space 16384K, 0% used [0x0000000771f00000,0x0000000771f00000,0x0000000772f00000)
 ParOldGen       total 116736K, used 16337K [0x00000006c1c00000, 0x00000006c8e00000, 0x000000076b400000)
  object space 116736K, 13% used [0x00000006c1c00000,0x00000006c2bf4488,0x00000006c8e00000)
 Metaspace       used 23838K, capacity 24354K, committed 24496K, reserved 1071104K
  class space    used 2757K, capacity 2900K, committed 2992K, reserved 1048576K
}
Event: 8.521 GC heap before
{Heap before GC invocations=8 (full 1):
 PSYoungGen      total 118784K, used 118776K [0x000000076b400000, 0x0000000773f00000, 0x00000007c0000000)
  eden space 104448K, 100% used [0x000000076b400000,0x0000000771a00000,0x0000000771a00000)
  from space 14336K, 99% used [0x0000000773100000,0x0000000773efe0e0,0x0000000773f00000)
  to   space 16384K, 0% used [0x0000000771f00000,0x0000000771f00000,0x0000000772f00000)
 ParOldGen       total 116736K, used 16337K [0x00000006c1c00000, 0x00000006c8e00000, 0x000000076b400000)
  object space 116736K, 13% used [0x00000006c1c00000,0x00000006c2bf4488,0x00000006c8e00000)
 Metaspace       used 23839K, capacity 24354K, committed 24496K, reserved 1071104K
  class space    used 2757K, capacity 2900K, committed 2992K, reserved 1048576K
Event: 8.557 GC heap after
Heap after GC invocations=8 (full 1):
 PSYoungGen      total 125952K, used 16375K [0x000000076b400000, 0x0000000778d00000, 0x00000007c0000000)
  eden space 109568K, 0% used [0x000000076b400000,0x000000076b400000,0x0000000771f00000)
  from space 16384K, 99% used [0x0000000771f00000,0x0000000772efdd20,0x0000000772f00000)
  to   space 21504K, 0% used [0x0000000777800000,0x0000000777800000,0x0000000778d00000)
 ParOldGen       total 116736K, used 23784K [0x00000006c1c00000, 0x00000006c8e00000, 0x000000076b400000)
  object space 116736K, 20% used [0x00000006c1c00000,0x00000006c333a3a0,0x00000006c8e00000)
 Metaspace       used 23839K, capacity 24354K, committed 24496K, reserved 1071104K
  class space    used 2757K, capacity 2900K, committed 2992K, reserved 1048576K
}

