# JRE version: Java(TM) SE Runtime Environment (8.0_191-b12) (build 1.8.0_191-b12)
# Java VM: Java HotSpot(TM) 64-Bit Server VM (25.191-b12 mixed mode windows-amd64 compressed oops)
Heap:
 PSYoungGen      total 133120K, used 72314K [0x000000076b400000, 0x000000077ad00000, 0x00000007c0000000)
  eden space 114176K, 46% used [0x000000076b400000,0x000000076e8236f8,0x0000000772380000)
  from space 18944K, 99% used [0x0000000772380000,0x00000007735fb4a8,0x0000000773600000)
  to   space 28160K, 0% used [0x0000000779180000,0x0000000779180000,0x000000077ad00000)
 ParOldGen       total 88576K, used 32840K [0x00000006c1c00000, 0x00000006c7280000, 0x000000076b400000)
  object space 88576K, 37% used [0x00000006c1c00000,0x00000006c3c12258,0x00000006c7280000)
 Metaspace       used 29458K, capacity 30016K, committed 30336K, reserved 1075200K
  class space    used 3449K, capacity 3614K, committed 3712K, reserved 1048576K
GC Heap History (10 events):
Event: 2.266 GC heap before
{Heap before GC invocations=4 (full 0):
 PSYoungGen      total 76288K, used 12009K [0x000000076b400000, 0x0000000770900000, 0x00000007c0000000)
  eden space 65536K, 1% used [0x000000076b400000,0x000000076b5403e8,0x000000076f400000)
  from space 10752K, 99% used [0x000000076f400000,0x000000076fe7a060,0x000000076fe80000)
  to   space 10752K, 0% used [0x000000076fe80000,0x000000076fe80000,0x0000000770900000)
 ParOldGen       total 175104K, used 1192K [0x00000006c1c00000, 0x00000006cc700000, 0x000000076b400000)
  object space 175104K, 0% used [0x00000006c1c00000,0x00000006c1d2a0b8,0x00000006cc700000)
 Metaspace       used 20745K, capacity 21116K, committed 21296K, reserved 1069056K
  class space    used 2498K, capacity 2610K, committed 2688K, reserved 1048576K
Event: 2.273 GC heap after
Heap after GC invocations=4 (full 0):
 PSYoungGen      total 76288K, used 10568K [0x000000076b400000, 0x0000000774900000, 0x00000007c0000000)
  eden space 65536K, 0% used [0x000000076b400000,0x000000076b400000,0x000000076f400000)
  from space 10752K, 98% used [0x000000076fe80000,0x00000007708d2060,0x0000000770900000)
  to   space 10752K, 0% used [0x000000076f400000,0x000000076f400000,0x000000076fe80000)
 ParOldGen       total 175104K, used 1200K [0x00000006c1c00000, 0x00000006cc700000, 0x000000076b400000)
  object space 175104K, 0% used [0x00000006c1c00000,0x00000006c1d2c0b8,0x00000006cc700000)
 Metaspace       used 20745K, capacity 21116K, committed 21296K, reserved 1069056K
  class space    used 2498K, capacity 2610K, committed 2688K, reserved 1048576K
}
Event: 2.273 GC heap before
{Heap before GC invocations=5 (full 1):
 PSYoungGen      total 76288K, used 10568K [0x000000076b400000, 0x0000000774900000, 0x00000007c0000000)
  eden space 65536K, 0% used [0x000000076b400000,0x000000076b400000,0x000000076f400000)
  from space 10752K, 98% used [0x000000076fe80000,0x00000007708d2060,0x0000000770900000)
  to   space 10752K, 0% used [0x000000076f400000,0x000000076f400000,0x000000076fe80000)
 ParOldGen       total 175104K, used 1200K [0x00000006c1c00000, 0x00000006cc700000, 0x000000076b400000)
  object space 175104K, 0% used [0x00000006c1c00000,0x00000006c1d2c0b8,0x00000006cc700000)
 Metaspace       used 20745K, capacity 21116K, committed 21296K, reserved 1069056K
  class space    used 2498K, capacity 2610K, committed 2688K, reserved 1048576K
Event: 2.321 GC heap after
Heap after GC invocations=5 (full 1):
 PSYoungGen      total 76288K, used 0K [0x000000076b400000, 0x0000000774900000, 0x00000007c0000000)
  eden space 65536K, 0% used [0x000000076b400000,0x000000076b400000,0x000000076f400000)
  from space 10752K, 0% used [0x000000076fe80000,0x000000076fe80000,0x0000000770900000)
  to   space 10752K, 0% used [0x000000076f400000,0x000000076f400000,0x000000076fe80000)
 ParOldGen       total 88576K, used 10422K [0x00000006c1c00000, 0x00000006c7280000, 0x000000076b400000)
  object space 88576K, 11% used [0x00000006c1c00000,0x00000006c262da38,0x00000006c7280000)
 Metaspace       used 20745K, capacity 21116K, committed 21296K, reserved 1069056K
  class space    used 2498K, capacity 2610K, committed 2688K, reserved 1048576K
}
Event: 3.078 GC heap before
{Heap before GC invocations=6 (full 1):
 PSYoungGen      total 76288K, used 65536K [0x000000076b400000, 0x0000000774900000, 0x00000007c0000000)
  eden space 65536K, 100% used [0x000000076b400000,0x000000076f400000,0x000000076f400000)
  from space 10752K, 0% used [0x000000076fe80000,0x000000076fe80000,0x0000000770900000)
  to   space 10752K, 0% used [0x000000076f400000,0x000000076f400000,0x000000076fe80000)
 ParOldGen       total 88576K, used 10422K [0x00000006c1c00000, 0x00000006c7280000, 0x000000076b400000)
  object space 88576K, 11% used [0x00000006c1c00000,0x00000006c262da38,0x00000006c7280000)
 Metaspace       used 22624K, capacity 23086K, committed 23216K, reserved 1069056K
  class space    used 2667K, capacity 2773K, committed 2816K, reserved 1048576K
Event: 3.090 GC heap after
Heap after GC invocations=6 (full 1):
 PSYoungGen      total 76288K, used 10726K [0x000000076b400000, 0x0000000774480000, 0x00000007c0000000)
  eden space 65536K, 0% used [0x000000076b400000,0x000000076b400000,0x000000076f400000)
  from space 10752K, 99% used [0x000000076f400000,0x000000076fe798c8,0x000000076fe80000)
  to   space 14848K, 0% used [0x0000000773600000,0x0000000773600000,0x0000000774480000)
 ParOldGen       total 88576K, used 14795K [0x00000006c1c00000, 0x00000006c7280000, 0x000000076b400000)
  object space 88576K, 16% used [0x00000006c1c00000,0x00000006c2a72fa8,0x00000006c7280000)
 Metaspace       used 22624K, capacity 23086K, committed 23216K, reserved 1069056K
  class space    used 2667K, capacity 2773K, committed 2816K, reserved 1048576K
}
Event: 4.825 GC heap before
{Heap before GC invocations=7 (full 1):
 PSYoungGen      total 76288K, used 76262K [0x000000076b400000, 0x0000000774480000, 0x00000007c0000000)
  eden space 65536K, 100% used [0x000000076b400000,0x000000076f400000,0x000000076f400000)
  from space 10752K, 99% used [0x000000076f400000,0x000000076fe798c8,0x000000076fe80000)
  to   space 14848K, 0% used [0x0000000773600000,0x0000000773600000,0x0000000774480000)
 ParOldGen       total 88576K, used 14795K [0x00000006c1c00000, 0x00000006c7280000, 0x000000076b400000)
  object space 88576K, 16% used [0x00000006c1c00000,0x00000006c2a72fa8,0x00000006c7280000)
 Metaspace       used 29325K, capacity 29878K, committed 30080K, reserved 1075200K
  class space    used 3447K, capacity 3612K, committed 3712K, reserved 1048576K
Event: 4.847 GC heap after
Heap after GC invocations=7 (full 1):
 PSYoungGen      total 129024K, used 14818K [0x000000076b400000, 0x0000000774980000, 0x00000007c0000000)
  eden space 114176K, 0% used [0x000000076b400000,0x000000076b400000,0x0000000772380000)
  from space 14848K, 99% used [0x0000000773600000,0x0000000774478a40,0x0000000774480000)
  to   space 18944K, 0% used [0x0000000772380000,0x0000000772380000,0x0000000773600000)
 ParOldGen       total 88576K, used 19410K [0x00000006c1c00000, 0x00000006c7280000, 0x000000076b400000)
  object space 88576K, 21% used [0x00000006c1c00000,0x00000006c2ef4b88,0x00000006c7280000)
 Metaspace       used 29325K, capacity 29878K, committed 30080K, reserved 1075200K
  class space    used 3447K, capacity 3612K, committed 3712K, reserved 1048576K
}
Event: 5.466 GC heap before
{Heap before GC invocations=8 (full 1):
 PSYoungGen      total 129024K, used 128994K [0x000000076b400000, 0x0000000774980000, 0x00000007c0000000)
  eden space 114176K, 100% used [0x000000076b400000,0x0000000772380000,0x0000000772380000)
  from space 14848K, 99% used [0x0000000773600000,0x0000000774478a40,0x0000000774480000)
  to   space 18944K, 0% used [0x0000000772380000,0x0000000772380000,0x0000000773600000)
 ParOldGen       total 88576K, used 19410K [0x00000006c1c00000, 0x00000006c7280000, 0x000000076b400000)
  object space 88576K, 21% used [0x00000006c1c00000,0x00000006c2ef4b88,0x00000006c7280000)
 Metaspace       used 29440K, capacity 30006K, committed 30336K, reserved 1075200K
  class space    used 3447K, capacity 3612K, committed 3712K, reserved 1048576K
Event: 5.494 GC heap after
Heap after GC invocations=8 (full 1):
 PSYoungGen      total 133120K, used 18925K [0x000000076b400000, 0x000000077ad00000, 0x00000007c0000000)
  eden space 114176K, 0% used [0x000000076b400000,0x000000076b400000,0x0000000772380000)
  from space 18944K, 99% used [0x0000000772380000,0x00000007735fb4a8,0x0000000773600000)
  to   space 28160K, 0% used [0x0000000779180000,0x0000000779180000,0x000000077ad00000)
 ParOldGen       total 88576K, used 32840K [0x00000006c1c00000, 0x00000006c7280000, 0x000000076b400000)
  object space 88576K, 37% used [0x00000006c1c00000,0x00000006c3c12258,0x00000006c7280000)
 Metaspace       used 29440K, capacity 30006K, committed 30336K, reserved 1075200K
  class space    used 3447K, capacity 3612K, committed 3712K, reserved 1048576K
}

