# JRE version: Java(TM) SE Runtime Environment (8.0_191-b12) (build 1.8.0_191-b12)
# Java VM: Java HotSpot(TM) 64-Bit Server VM (25.191-b12 mixed mode windows-amd64 compressed oops)
Heap:
 PSYoungGen      total 339968K, used 120716K [0x000000076b400000, 0x0000000783d00000, 0x00000007c0000000)
  eden space 296960K, 26% used [0x000000076b400000,0x000000076ffe93e0,0x000000077d600000)
  from space 43008K, 99% used [0x000000077d600000,0x000000077fff9d68,0x0000000780000000)
  to   space 34816K, 0% used [0x0000000780000000,0x0000000780000000,0x0000000782200000)
 ParOldGen       total 119296K, used 60164K [0x00000006c1c00000, 0x00000006c9080000, 0x000000076b400000)
  object space 119296K, 50% used [0x00000006c1c00000,0x00000006c56c1228,0x00000006c9080000)
 Metaspace       used 24253K, capacity 24882K, committed 25088K, reserved 1071104K
  class space    used 2800K, capacity 2968K, committed 3072K, reserved 1048576K
GC Heap History (10 events):
Event: 3.844 GC heap before
{Heap before GC invocations=6 (full 1):
 PSYoungGen      total 141824K, used 131072K [0x000000076b400000, 0x0000000774900000, 0x00000007c0000000)
  eden space 131072K, 100% used [0x000000076b400000,0x0000000773400000,0x0000000773400000)
  from space 10752K, 0% used [0x0000000773e80000,0x0000000773e80000,0x0000000774900000)
  to   space 10752K, 0% used [0x0000000773400000,0x0000000773400000,0x0000000773e80000)
 ParOldGen       total 119296K, used 13936K [0x00000006c1c00000, 0x00000006c9080000, 0x000000076b400000)
  object space 119296K, 11% used [0x00000006c1c00000,0x00000006c299c190,0x00000006c9080000)
 Metaspace       used 24210K, capacity 24848K, committed 24960K, reserved 1071104K
  class space    used 2797K, capacity 2934K, committed 2944K, reserved 1048576K
Event: 3.856 GC heap after
Heap after GC invocations=6 (full 1):
 PSYoungGen      total 141824K, used 10748K [0x000000076b400000, 0x0000000779800000, 0x00000007c0000000)
  eden space 131072K, 0% used [0x000000076b400000,0x000000076b400000,0x0000000773400000)
  from space 10752K, 99% used [0x0000000773400000,0x0000000773e7f0a0,0x0000000773e80000)
  to   space 20480K, 0% used [0x0000000778400000,0x0000000778400000,0x0000000779800000)
 ParOldGen       total 119296K, used 23395K [0x00000006c1c00000, 0x00000006c9080000, 0x000000076b400000)
  object space 119296K, 19% used [0x00000006c1c00000,0x00000006c32d8c80,0x00000006c9080000)
 Metaspace       used 24210K, capacity 24848K, committed 24960K, reserved 1071104K
  class space    used 2797K, capacity 2934K, committed 2944K, reserved 1048576K
}
Event: 4.254 GC heap before
{Heap before GC invocations=7 (full 1):
 PSYoungGen      total 141824K, used 141820K [0x000000076b400000, 0x0000000779800000, 0x00000007c0000000)
  eden space 131072K, 100% used [0x000000076b400000,0x0000000773400000,0x0000000773400000)
  from space 10752K, 99% used [0x0000000773400000,0x0000000773e7f0a0,0x0000000773e80000)
  to   space 20480K, 0% used [0x0000000778400000,0x0000000778400000,0x0000000779800000)
 ParOldGen       total 119296K, used 23395K [0x00000006c1c00000, 0x00000006c9080000, 0x000000076b400000)
  object space 119296K, 19% used [0x00000006c1c00000,0x00000006c32d8c80,0x00000006c9080000)
 Metaspace       used 24216K, capacity 24848K, committed 24960K, reserved 1071104K
  class space    used 2797K, capacity 2934K, committed 2944K, reserved 1048576K
Event: 4.270 GC heap after
Heap after GC invocations=7 (full 1):
 PSYoungGen      total 207360K, used 20464K [0x000000076b400000, 0x000000077b100000, 0x00000007c0000000)
  eden space 186880K, 0% used [0x000000076b400000,0x000000076b400000,0x0000000776a80000)
  from space 20480K, 99% used [0x0000000778400000,0x00000007797fc218,0x0000000779800000)
  to   space 26112K, 0% used [0x0000000776a80000,0x0000000776a80000,0x0000000778400000)
 ParOldGen       total 119296K, used 28601K [0x00000006c1c00000, 0x00000006c9080000, 0x000000076b400000)
  object space 119296K, 23% used [0x00000006c1c00000,0x00000006c37ee760,0x00000006c9080000)
 Metaspace       used 24216K, capacity 24848K, committed 24960K, reserved 1071104K
  class space    used 2797K, capacity 2934K, committed 2944K, reserved 1048576K
}
Event: 4.727 GC heap before
{Heap before GC invocations=8 (full 1):
 PSYoungGen      total 207360K, used 207344K [0x000000076b400000, 0x000000077b100000, 0x00000007c0000000)
  eden space 186880K, 100% used [0x000000076b400000,0x0000000776a80000,0x0000000776a80000)
  from space 20480K, 99% used [0x0000000778400000,0x00000007797fc218,0x0000000779800000)
  to   space 26112K, 0% used [0x0000000776a80000,0x0000000776a80000,0x0000000778400000)
 ParOldGen       total 119296K, used 28601K [0x00000006c1c00000, 0x00000006c9080000, 0x000000076b400000)
  object space 119296K, 23% used [0x00000006c1c00000,0x00000006c37ee760,0x00000006c9080000)
 Metaspace       used 24227K, capacity 24850K, committed 24960K, reserved 1071104K
  class space    used 2798K, capacity 2936K, committed 2944K, reserved 1048576K
Event: 4.745 GC heap after
Heap after GC invocations=8 (full 1):
 PSYoungGen      total 212992K, used 26098K [0x000000076b400000, 0x0000000782200000, 0x00000007c0000000)
  eden space 186880K, 0% used [0x000000076b400000,0x000000076b400000,0x0000000776a80000)
  from space 26112K, 99% used [0x0000000776a80000,0x00000007783fca20,0x0000000778400000)
  to   space 34816K, 0% used [0x0000000780000000,0x0000000780000000,0x0000000782200000)
 ParOldGen       total 119296K, used 38157K [0x00000006c1c00000, 0x00000006c9080000, 0x000000076b400000)
  object space 119296K, 31% used [0x00000006c1c00000,0x00000006c41434a8,0x00000006c9080000)
 Metaspace       used 24227K, capacity 24850K, committed 24960K, reserved 1071104K
  class space    used 2798K, capacity 2936K, committed 2944K, reserved 1048576K
}
Event: 5.102 GC heap before
{Heap before GC invocations=9 (full 1):
 PSYoungGen      total 212992K, used 212978K [0x000000076b400000, 0x0000000782200000, 0x00000007c0000000)
  eden space 186880K, 100% used [0x000000076b400000,0x0000000776a80000,0x0000000776a80000)
  from space 26112K, 99% used [0x0000000776a80000,0x00000007783fca20,0x0000000778400000)
  to   space 34816K, 0% used [0x0000000780000000,0x0000000780000000,0x0000000782200000)
 ParOldGen       total 119296K, used 38157K [0x00000006c1c00000, 0x00000006c9080000, 0x000000076b400000)
  object space 119296K, 31% used [0x00000006c1c00000,0x00000006c41434a8,0x00000006c9080000)
 Metaspace       used 24244K, capacity 24882K, committed 25088K, reserved 1071104K
  class space    used 2800K, capacity 2968K, committed 3072K, reserved 1048576K
Event: 5.121 GC heap after
Heap after GC invocations=9 (full 1):
 PSYoungGen      total 331776K, used 34789K [0x000000076b400000, 0x0000000783d00000, 0x00000007c0000000)
  eden space 296960K, 0% used [0x000000076b400000,0x000000076b400000,0x000000077d600000)
  from space 34816K, 99% used [0x0000000780000000,0x00000007821f9660,0x0000000782200000)
  to   space 43008K, 0% used [0x000000077d600000,0x000000077d600000,0x0000000780000000)
 ParOldGen       total 119296K, used 43675K [0x00000006c1c00000, 0x00000006c9080000, 0x000000076b400000)
  object space 119296K, 36% used [0x00000006c1c00000,0x00000006c46a6d60,0x00000006c9080000)
 Metaspace       used 24244K, capacity 24882K, committed 25088K, reserved 1071104K
  class space    used 2800K, capacity 2968K, committed 3072K, reserved 1048576K
}
Event: 5.675 GC heap before
{Heap before GC invocations=10 (full 1):
 PSYoungGen      total 331776K, used 331749K [0x000000076b400000, 0x0000000783d00000, 0x00000007c0000000)
  eden space 296960K, 100% used [0x000000076b400000,0x000000077d600000,0x000000077d600000)
  from space 34816K, 99% used [0x0000000780000000,0x00000007821f9660,0x0000000782200000)
  to   space 43008K, 0% used [0x000000077d600000,0x000000077d600000,0x0000000780000000)
 ParOldGen       total 119296K, used 43675K [0x00000006c1c00000, 0x00000006c9080000, 0x000000076b400000)
  object space 119296K, 36% used [0x00000006c1c00000,0x00000006c46a6d60,0x00000006c9080000)
 Metaspace       used 24249K, capacity 24882K, committed 25088K, reserved 1071104K
  class space    used 2800K, capacity 2968K, committed 3072K, reserved 1048576K
Event: 5.704 GC heap after
Heap after GC invocations=10 (full 1):
 PSYoungGen      total 339968K, used 42983K [0x000000076b400000, 0x0000000783d00000, 0x00000007c0000000)
  eden space 296960K, 0% used [0x000000076b400000,0x000000076b400000,0x000000077d600000)
  from space 43008K, 99% used [0x000000077d600000,0x000000077fff9d68,0x0000000780000000)
  to   space 34816K, 0% used [0x0000000780000000,0x0000000780000000,0x0000000782200000)
 ParOldGen       total 119296K, used 60164K [0x00000006c1c00000, 0x00000006c9080000, 0x000000076b400000)
  object space 119296K, 50% used [0x00000006c1c00000,0x00000006c56c1228,0x00000006c9080000)
 Metaspace       used 24249K, capacity 24882K, committed 25088K, reserved 1071104K
  class space    used 2800K, capacity 2968K, committed 3072K, reserved 1048576K
}

