# JRE version: Java(TM) SE Runtime Environment (8.0_191-b12) (build 1.8.0_191-b12)
# Java VM: Java HotSpot(TM) 64-Bit Server VM (25.191-b12 mixed mode windows-amd64 compressed oops)
Heap:
 PSYoungGen      total 342528K, used 187766K [0x000000076b400000, 0x0000000783280000, 0x00000007c0000000)
  eden space 301056K, 62% used [0x000000076b400000,0x0000000776b5d9d0,0x000000077da00000)
  from space 41472K, 0% used [0x000000077da00000,0x000000077da00000,0x0000000780280000)
  to   space 37376K, 0% used [0x0000000780280000,0x0000000780280000,0x0000000782700000)
 ParOldGen       total 120832K, used 36288K [0x00000006c1c00000, 0x00000006c9200000, 0x000000076b400000)
  object space 120832K, 30% used [0x00000006c1c00000,0x00000006c3f70130,0x00000006c9200000)
 Metaspace       used 42386K, capacity 43818K, committed 44080K, reserved 1087488K
  class space    used 5009K, capacity 5323K, committed 5424K, reserved 1048576K
GC Heap History (10 events):
Event: 8.710 GC heap before
{Heap before GC invocations=11 (full 1):
 PSYoungGen      total 173056K, used 173039K [0x000000076b400000, 0x000000077bd00000, 0x00000007c0000000)
  eden space 151040K, 100% used [0x000000076b400000,0x0000000774780000,0x0000000774780000)
  from space 22016K, 99% used [0x0000000774780000,0x0000000775cfbc40,0x0000000775d00000)
  to   space 28160K, 0% used [0x000000077a180000,0x000000077a180000,0x000000077bd00000)
 ParOldGen       total 120832K, used 31011K [0x00000006c1c00000, 0x00000006c9200000, 0x000000076b400000)
  object space 120832K, 25% used [0x00000006c1c00000,0x00000006c3a48d78,0x00000006c9200000)
 Metaspace       used 23862K, capacity 24434K, committed 24752K, reserved 1071104K
  class space    used 2761K, capacity 2904K, committed 2992K, reserved 1048576K
Event: 8.744 GC heap after
Heap after GC invocations=11 (full 1):
 PSYoungGen      total 240128K, used 27026K [0x000000076b400000, 0x000000077c600000, 0x00000007c0000000)
  eden space 211968K, 0% used [0x000000076b400000,0x000000076b400000,0x0000000778300000)
  from space 28160K, 95% used [0x000000077a180000,0x000000077bbe4a58,0x000000077bd00000)
  to   space 31232K, 0% used [0x0000000778300000,0x0000000778300000,0x000000077a180000)
 ParOldGen       total 120832K, used 33582K [0x00000006c1c00000, 0x00000006c9200000, 0x000000076b400000)
  object space 120832K, 27% used [0x00000006c1c00000,0x00000006c3ccba70,0x00000006c9200000)
 Metaspace       used 23862K, capacity 24434K, committed 24752K, reserved 1071104K
  class space    used 2761K, capacity 2904K, committed 2992K, reserved 1048576K
}
Event: 9.565 GC heap before
{Heap before GC invocations=12 (full 1):
 PSYoungGen      total 240128K, used 238994K [0x000000076b400000, 0x000000077c600000, 0x00000007c0000000)
  eden space 211968K, 100% used [0x000000076b400000,0x0000000778300000,0x0000000778300000)
  from space 28160K, 95% used [0x000000077a180000,0x000000077bbe4a58,0x000000077bd00000)
  to   space 31232K, 0% used [0x0000000778300000,0x0000000778300000,0x000000077a180000)
 ParOldGen       total 120832K, used 33582K [0x00000006c1c00000, 0x00000006c9200000, 0x000000076b400000)
  object space 120832K, 27% used [0x00000006c1c00000,0x00000006c3ccba70,0x00000006c9200000)
 Metaspace       used 23867K, capacity 24434K, committed 24752K, reserved 1071104K
  class space    used 2761K, capacity 2904K, committed 2992K, reserved 1048576K
Event: 9.591 GC heap after
Heap after GC invocations=12 (full 1):
 PSYoungGen      total 243200K, used 31212K [0x000000076b400000, 0x0000000782700000, 0x00000007c0000000)
  eden space 211968K, 0% used [0x000000076b400000,0x000000076b400000,0x0000000778300000)
  from space 31232K, 99% used [0x0000000778300000,0x000000077a17b078,0x000000077a180000)
  to   space 37376K, 0% used [0x0000000780280000,0x0000000780280000,0x0000000782700000)
 ParOldGen       total 120832K, used 40082K [0x00000006c1c00000, 0x00000006c9200000, 0x000000076b400000)
  object space 120832K, 33% used [0x00000006c1c00000,0x00000006c4324b80,0x00000006c9200000)
 Metaspace       used 23867K, capacity 24434K, committed 24752K, reserved 1071104K
  class space    used 2761K, capacity 2904K, committed 2992K, reserved 1048576K
}
Event: 10.192 GC heap before
{Heap before GC invocations=13 (full 1):
 PSYoungGen      total 243200K, used 243180K [0x000000076b400000, 0x0000000782700000, 0x00000007c0000000)
  eden space 211968K, 100% used [0x000000076b400000,0x0000000778300000,0x0000000778300000)
  from space 31232K, 99% used [0x0000000778300000,0x000000077a17b078,0x000000077a180000)
  to   space 37376K, 0% used [0x0000000780280000,0x0000000780280000,0x0000000782700000)
 ParOldGen       total 120832K, used 40082K [0x00000006c1c00000, 0x00000006c9200000, 0x000000076b400000)
  object space 120832K, 33% used [0x00000006c1c00000,0x00000006c4324b80,0x00000006c9200000)
 Metaspace       used 23878K, capacity 24466K, committed 24752K, reserved 1071104K
  class space    used 2763K, capacity 2936K, committed 2992K, reserved 1048576K
Event: 10.226 GC heap after
Heap after GC invocations=13 (full 1):
 PSYoungGen      total 338432K, used 34581K [0x000000076b400000, 0x0000000783280000, 0x00000007c0000000)
  eden space 301056K, 0% used [0x000000076b400000,0x000000076b400000,0x000000077da00000)
  from space 37376K, 92% used [0x0000000780280000,0x0000000782445628,0x0000000782700000)
  to   space 41472K, 0% used [0x000000077da00000,0x000000077da00000,0x0000000780280000)
 ParOldGen       total 120832K, used 44679K [0x00000006c1c00000, 0x00000006c9200000, 0x000000076b400000)
  object space 120832K, 36% used [0x00000006c1c00000,0x00000006c47a1e48,0x00000006c9200000)
 Metaspace       used 23878K, capacity 24466K, committed 24752K, reserved 1071104K
  class space    used 2763K, capacity 2936K, committed 2992K, reserved 1048576K
}
Event: 12.177 GC heap before
{Heap before GC invocations=14 (full 1):
 PSYoungGen      total 338432K, used 187164K [0x000000076b400000, 0x0000000783280000, 0x00000007c0000000)
  eden space 301056K, 50% used [0x000000076b400000,0x0000000774901c08,0x000000077da00000)
  from space 37376K, 92% used [0x0000000780280000,0x0000000782445628,0x0000000782700000)
  to   space 41472K, 0% used [0x000000077da00000,0x000000077da00000,0x0000000780280000)
 ParOldGen       total 120832K, used 44679K [0x00000006c1c00000, 0x00000006c9200000, 0x000000076b400000)
  object space 120832K, 36% used [0x00000006c1c00000,0x00000006c47a1e48,0x00000006c9200000)
 Metaspace       used 34467K, capacity 35270K, committed 35496K, reserved 1081344K
  class space    used 4039K, capacity 4297K, committed 4400K, reserved 1048576K
Event: 12.194 GC heap after
Heap after GC invocations=14 (full 1):
 PSYoungGen      total 342528K, used 13526K [0x000000076b400000, 0x0000000783280000, 0x00000007c0000000)
  eden space 301056K, 0% used [0x000000076b400000,0x000000076b400000,0x000000077da00000)
  from space 41472K, 32% used [0x000000077da00000,0x000000077e735820,0x0000000780280000)
  to   space 37376K, 0% used [0x0000000780280000,0x0000000780280000,0x0000000782700000)
 ParOldGen       total 120832K, used 48142K [0x00000006c1c00000, 0x00000006c9200000, 0x000000076b400000)
  object space 120832K, 39% used [0x00000006c1c00000,0x00000006c4b03a30,0x00000006c9200000)
 Metaspace       used 34467K, capacity 35270K, committed 35496K, reserved 1081344K
  class space    used 4039K, capacity 4297K, committed 4400K, reserved 1048576K
}
Event: 12.194 GC heap before
{Heap before GC invocations=15 (full 2):
 PSYoungGen      total 342528K, used 13526K [0x000000076b400000, 0x0000000783280000, 0x00000007c0000000)
  eden space 301056K, 0% used [0x000000076b400000,0x000000076b400000,0x000000077da00000)
  from space 41472K, 32% used [0x000000077da00000,0x000000077e735820,0x0000000780280000)
  to   space 37376K, 0% used [0x0000000780280000,0x0000000780280000,0x0000000782700000)
 ParOldGen       total 120832K, used 48142K [0x00000006c1c00000, 0x00000006c9200000, 0x000000076b400000)
  object space 120832K, 39% used [0x00000006c1c00000,0x00000006c4b03a30,0x00000006c9200000)
 Metaspace       used 34467K, capacity 35270K, committed 35496K, reserved 1081344K
  class space    used 4039K, capacity 4297K, committed 4400K, reserved 1048576K
Event: 12.261 GC heap after
Heap after GC invocations=15 (full 2):
 PSYoungGen      total 342528K, used 0K [0x000000076b400000, 0x0000000783280000, 0x00000007c0000000)
  eden space 301056K, 0% used [0x000000076b400000,0x000000076b400000,0x000000077da00000)
  from space 41472K, 0% used [0x000000077da00000,0x000000077da00000,0x0000000780280000)
  to   space 37376K, 0% used [0x0000000780280000,0x0000000780280000,0x0000000782700000)
 ParOldGen       total 120832K, used 36288K [0x00000006c1c00000, 0x00000006c9200000, 0x000000076b400000)
  object space 120832K, 30% used [0x00000006c1c00000,0x00000006c3f70130,0x00000006c9200000)
 Metaspace       used 34467K, capacity 35270K, committed 35496K, reserved 1081344K
  class space    used 4039K, capacity 4297K, committed 4400K, reserved 1048576K
}

