# JRE version: Java(TM) SE Runtime Environment (8.0_191-b12) (build 1.8.0_191-b12)
# Java VM: Java HotSpot(TM) 64-Bit Server VM (25.191-b12 mixed mode windows-amd64 compressed oops)
Heap:
 PSYoungGen      total 141824K, used 72710K [0x000000076b400000, 0x0000000779f00000, 0x00000007c0000000)
  eden space 131072K, 47% used [0x000000076b400000,0x000000076f082ab0,0x0000000773400000)
  from space 10752K, 99% used [0x0000000773400000,0x0000000773e7ef60,0x0000000773e80000)
  to   space 19968K, 0% used [0x0000000778b80000,0x0000000778b80000,0x0000000779f00000)
 ParOldGen       total 113152K, used 23196K [0x00000006c1c00000, 0x00000006c8a80000, 0x000000076b400000)
  object space 113152K, 20% used [0x00000006c1c00000,0x00000006c32a7368,0x00000006c8a80000)
 Metaspace       used 23841K, capacity 24364K, committed 24496K, reserved 1071104K
  class space    used 2758K, capacity 2902K, committed 2992K, reserved 1048576K
GC Heap History (10 events):
Event: 3.031 GC heap before
{Heap before GC invocations=2 (full 0):
 PSYoungGen      total 76288K, used 76082K [0x000000076b400000, 0x0000000770900000, 0x00000007c0000000)
  eden space 65536K, 100% used [0x000000076b400000,0x000000076f400000,0x000000076f400000)
  from space 10752K, 98% used [0x000000076f400000,0x000000076fe4cbc0,0x000000076fe80000)
  to   space 10752K, 0% used [0x000000076fe80000,0x000000076fe80000,0x0000000770900000)
 ParOldGen       total 175104K, used 16K [0x00000006c1c00000, 0x00000006cc700000, 0x000000076b400000)
  object space 175104K, 0% used [0x00000006c1c00000,0x00000006c1c04000,0x00000006cc700000)
 Metaspace       used 15690K, capacity 15936K, committed 16128K, reserved 1062912K
  class space    used 1864K, capacity 1946K, committed 2048K, reserved 1048576K
Event: 3.065 GC heap after
Heap after GC invocations=2 (full 0):
 PSYoungGen      total 76288K, used 9738K [0x000000076b400000, 0x0000000774900000, 0x00000007c0000000)
  eden space 65536K, 0% used [0x000000076b400000,0x000000076b400000,0x000000076f400000)
  from space 10752K, 90% used [0x000000076fe80000,0x00000007708028e0,0x0000000770900000)
  to   space 10752K, 0% used [0x000000076f400000,0x000000076f400000,0x000000076fe80000)
 ParOldGen       total 175104K, used 24K [0x00000006c1c00000, 0x00000006cc700000, 0x000000076b400000)
  object space 175104K, 0% used [0x00000006c1c00000,0x00000006c1c06000,0x00000006cc700000)
 Metaspace       used 15690K, capacity 15936K, committed 16128K, reserved 1062912K
  class space    used 1864K, capacity 1946K, committed 2048K, reserved 1048576K
}
Event: 3.760 GC heap before
{Heap before GC invocations=3 (full 0):
 PSYoungGen      total 76288K, used 75274K [0x000000076b400000, 0x0000000774900000, 0x00000007c0000000)
  eden space 65536K, 100% used [0x000000076b400000,0x000000076f400000,0x000000076f400000)
  from space 10752K, 90% used [0x000000076fe80000,0x00000007708028e0,0x0000000770900000)
  to   space 10752K, 0% used [0x000000076f400000,0x000000076f400000,0x000000076fe80000)
 ParOldGen       total 175104K, used 24K [0x00000006c1c00000, 0x00000006cc700000, 0x000000076b400000)
  object space 175104K, 0% used [0x00000006c1c00000,0x00000006c1c06000,0x00000006cc700000)
 Metaspace       used 17221K, capacity 17734K, committed 18048K, reserved 1064960K
  class space    used 1998K, capacity 2165K, committed 2176K, reserved 1048576K
Event: 3.772 GC heap after
Heap after GC invocations=3 (full 0):
 PSYoungGen      total 76288K, used 10746K [0x000000076b400000, 0x0000000774900000, 0x00000007c0000000)
  eden space 65536K, 0% used [0x000000076b400000,0x000000076b400000,0x000000076f400000)
  from space 10752K, 99% used [0x000000076f400000,0x000000076fe7eb90,0x000000076fe80000)
  to   space 10752K, 0% used [0x0000000773e80000,0x0000000773e80000,0x0000000774900000)
 ParOldGen       total 175104K, used 1422K [0x00000006c1c00000, 0x00000006cc700000, 0x000000076b400000)
  object space 175104K, 0% used [0x00000006c1c00000,0x00000006c1d63890,0x00000006cc700000)
 Metaspace       used 17221K, capacity 17734K, committed 18048K, reserved 1064960K
  class space    used 1998K, capacity 2165K, committed 2176K, reserved 1048576K
}
Event: 4.641 GC heap before
{Heap before GC invocations=4 (full 0):
 PSYoungGen      total 76288K, used 36962K [0x000000076b400000, 0x0000000774900000, 0x00000007c0000000)
  eden space 65536K, 40% used [0x000000076b400000,0x000000076cd99cf8,0x000000076f400000)
  from space 10752K, 99% used [0x000000076f400000,0x000000076fe7eb90,0x000000076fe80000)
  to   space 10752K, 0% used [0x0000000773e80000,0x0000000773e80000,0x0000000774900000)
 ParOldGen       total 175104K, used 1422K [0x00000006c1c00000, 0x00000006cc700000, 0x000000076b400000)
  object space 175104K, 0% used [0x00000006c1c00000,0x00000006c1d63890,0x00000006cc700000)
 Metaspace       used 20690K, capacity 21182K, committed 21296K, reserved 1069056K
  class space    used 2423K, capacity 2589K, committed 2608K, reserved 1048576K
Event: 4.655 GC heap after
Heap after GC invocations=4 (full 0):
 PSYoungGen      total 141824K, used 10745K [0x000000076b400000, 0x0000000774900000, 0x00000007c0000000)
  eden space 131072K, 0% used [0x000000076b400000,0x000000076b400000,0x0000000773400000)
  from space 10752K, 99% used [0x0000000773e80000,0x00000007748fe550,0x0000000774900000)
  to   space 10752K, 0% used [0x0000000773400000,0x0000000773400000,0x0000000773e80000)
 ParOldGen       total 175104K, used 4515K [0x00000006c1c00000, 0x00000006cc700000, 0x000000076b400000)
  object space 175104K, 2% used [0x00000006c1c00000,0x00000006c2068fe0,0x00000006cc700000)
 Metaspace       used 20690K, capacity 21182K, committed 21296K, reserved 1069056K
  class space    used 2423K, capacity 2589K, committed 2608K, reserved 1048576K
}
Event: 4.655 GC heap before
{Heap before GC invocations=5 (full 1):
 PSYoungGen      total 141824K, used 10745K [0x000000076b400000, 0x0000000774900000, 0x00000007c0000000)
  eden space 131072K, 0% used [0x000000076b400000,0x000000076b400000,0x0000000773400000)
  from space 10752K, 99% used [0x0000000773e80000,0x00000007748fe550,0x0000000774900000)
  to   space 10752K, 0% used [0x0000000773400000,0x0000000773400000,0x0000000773e80000)
 ParOldGen       total 175104K, used 4515K [0x00000006c1c00000, 0x00000006cc700000, 0x000000076b400000)
  object space 175104K, 2% used [0x00000006c1c00000,0x00000006c2068fe0,0x00000006cc700000)
 Metaspace       used 20690K, capacity 21182K, committed 21296K, reserved 1069056K
  class space    used 2423K, capacity 2589K, committed 2608K, reserved 1048576K
Event: 4.713 GC heap after
Heap after GC invocations=5 (full 1):
 PSYoungGen      total 141824K, used 0K [0x000000076b400000, 0x0000000774900000, 0x00000007c0000000)
  eden space 131072K, 0% used [0x000000076b400000,0x000000076b400000,0x0000000773400000)
  from space 10752K, 0% used [0x0000000773e80000,0x0000000773e80000,0x0000000774900000)
  to   space 10752K, 0% used [0x0000000773400000,0x0000000773400000,0x0000000773e80000)
 ParOldGen       total 113152K, used 13729K [0x00000006c1c00000, 0x00000006c8a80000, 0x000000076b400000)
  object space 113152K, 12% used [0x00000006c1c00000,0x00000006c2968778,0x00000006c8a80000)
 Metaspace       used 20690K, capacity 21182K, committed 21296K, reserved 1069056K
  class space    used 2423K, capacity 2589K, committed 2608K, reserved 1048576K
}
Event: 5.619 GC heap before
{Heap before GC invocations=6 (full 1):
 PSYoungGen      total 141824K, used 131072K [0x000000076b400000, 0x0000000774900000, 0x00000007c0000000)
  eden space 131072K, 100% used [0x000000076b400000,0x0000000773400000,0x0000000773400000)
  from space 10752K, 0% used [0x0000000773e80000,0x0000000773e80000,0x0000000774900000)
  to   space 10752K, 0% used [0x0000000773400000,0x0000000773400000,0x0000000773e80000)
 ParOldGen       total 113152K, used 13729K [0x00000006c1c00000, 0x00000006c8a80000, 0x000000076b400000)
  object space 113152K, 12% used [0x00000006c1c00000,0x00000006c2968778,0x00000006c8a80000)
 Metaspace       used 23832K, capacity 24358K, committed 24496K, reserved 1071104K
  class space    used 2757K, capacity 2900K, committed 2992K, reserved 1048576K
Event: 5.631 GC heap after
Heap after GC invocations=6 (full 1):
 PSYoungGen      total 141824K, used 10747K [0x000000076b400000, 0x0000000779f00000, 0x00000007c0000000)
  eden space 131072K, 0% used [0x000000076b400000,0x000000076b400000,0x0000000773400000)
  from space 10752K, 99% used [0x0000000773400000,0x0000000773e7ef60,0x0000000773e80000)
  to   space 19968K, 0% used [0x0000000778b80000,0x0000000778b80000,0x0000000779f00000)
 ParOldGen       total 113152K, used 23196K [0x00000006c1c00000, 0x00000006c8a80000, 0x000000076b400000)
  object space 113152K, 20% used [0x00000006c1c00000,0x00000006c32a7368,0x00000006c8a80000)
 Metaspace       used 23832K, capacity 24358K, committed 24496K, reserved 1071104K
  class space    used 2757K, capacity 2900K, committed 2992K, reserved 1048576K
}

