# JRE version: Java(TM) SE Runtime Environment (8.0_191-b12) (build 1.8.0_191-b12)
# Java VM: Java HotSpot(TM) 64-Bit Server VM (25.191-b12 mixed mode windows-amd64 compressed oops)
Heap:
 PSYoungGen      total 461312K, used 298953K [0x000000076b400000, 0x000000078b300000, 0x00000007c0000000)
  eden space 411648K, 72% used [0x000000076b400000,0x000000077d7f2528,0x0000000784600000)
  from space 49664K, 0% used [0x0000000788280000,0x0000000788280000,0x000000078b300000)
  to   space 55808K, 0% used [0x0000000784600000,0x0000000784600000,0x0000000787c80000)
 ParOldGen       total 207360K, used 51972K [0x00000006c1c00000, 0x00000006ce680000, 0x000000076b400000)
  object space 207360K, 25% used [0x00000006c1c00000,0x00000006c4ec1200,0x00000006ce680000)
 Metaspace       used 48151K, capacity 49754K, committed 49880K, reserved 1093632K
  class space    used 5540K, capacity 5875K, committed 5888K, reserved 1048576K
GC Heap History (10 events):
Event: 6.014 GC heap before
{Heap before GC invocations=8 (full 1):
 PSYoungGen      total 201728K, used 201700K [0x000000076b400000, 0x000000077af80000, 0x00000007c0000000)
  eden space 182272K, 100% used [0x000000076b400000,0x0000000776600000,0x0000000776600000)
  from space 19456K, 99% used [0x0000000777f00000,0x00000007791f93b8,0x0000000779200000)
  to   space 25600K, 0% used [0x0000000776600000,0x0000000776600000,0x0000000777f00000)
 ParOldGen       total 122368K, used 27944K [0x00000006c1c00000, 0x00000006c9380000, 0x000000076b400000)
  object space 122368K, 22% used [0x00000006c1c00000,0x00000006c374a218,0x00000006c9380000)
 Metaspace       used 24210K, capacity 24784K, committed 24960K, reserved 1071104K
  class space    used 2799K, capacity 2934K, committed 2944K, reserved 1048576K
Event: 6.078 GC heap after
Heap after GC invocations=8 (full 1):
 PSYoungGen      total 207872K, used 25587K [0x000000076b400000, 0x0000000781e00000, 0x00000007c0000000)
  eden space 182272K, 0% used [0x000000076b400000,0x000000076b400000,0x0000000776600000)
  from space 25600K, 99% used [0x0000000776600000,0x0000000777efcd50,0x0000000777f00000)
  to   space 33792K, 0% used [0x000000077fd00000,0x000000077fd00000,0x0000000781e00000)
 ParOldGen       total 122368K, used 37376K [0x00000006c1c00000, 0x00000006c9380000, 0x000000076b400000)
  object space 122368K, 30% used [0x00000006c1c00000,0x00000006c4080090,0x00000006c9380000)
 Metaspace       used 24210K, capacity 24784K, committed 24960K, reserved 1071104K
  class space    used 2799K, capacity 2934K, committed 2944K, reserved 1048576K
}
Event: 7.043 GC heap before
{Heap before GC invocations=9 (full 1):
 PSYoungGen      total 207872K, used 207859K [0x000000076b400000, 0x0000000781e00000, 0x00000007c0000000)
  eden space 182272K, 100% used [0x000000076b400000,0x0000000776600000,0x0000000776600000)
  from space 25600K, 99% used [0x0000000776600000,0x0000000777efcd50,0x0000000777f00000)
  to   space 33792K, 0% used [0x000000077fd00000,0x000000077fd00000,0x0000000781e00000)
 ParOldGen       total 122368K, used 37376K [0x00000006c1c00000, 0x00000006c9380000, 0x000000076b400000)
  object space 122368K, 30% used [0x00000006c1c00000,0x00000006c4080090,0x00000006c9380000)
 Metaspace       used 24217K, capacity 24848K, committed 24960K, reserved 1071104K
  class space    used 2799K, capacity 2934K, committed 2944K, reserved 1048576K
Event: 7.087 GC heap after
Heap after GC invocations=9 (full 1):
 PSYoungGen      total 329216K, used 33776K [0x000000076b400000, 0x0000000783080000, 0x00000007c0000000)
  eden space 295424K, 0% used [0x000000076b400000,0x000000076b400000,0x000000077d480000)
  from space 33792K, 99% used [0x000000077fd00000,0x0000000781dfc0c0,0x0000000781e00000)
  to   space 41472K, 0% used [0x000000077d480000,0x000000077d480000,0x000000077fd00000)
 ParOldGen       total 122368K, used 42595K [0x00000006c1c00000, 0x00000006c9380000, 0x000000076b400000)
  object space 122368K, 34% used [0x00000006c1c00000,0x00000006c4598da8,0x00000006c9380000)
 Metaspace       used 24217K, capacity 24848K, committed 24960K, reserved 1071104K
  class space    used 2799K, capacity 2934K, committed 2944K, reserved 1048576K
}
Event: 8.282 GC heap before
{Heap before GC invocations=10 (full 1):
 PSYoungGen      total 329216K, used 329200K [0x000000076b400000, 0x0000000783080000, 0x00000007c0000000)
  eden space 295424K, 100% used [0x000000076b400000,0x000000077d480000,0x000000077d480000)
  from space 33792K, 99% used [0x000000077fd00000,0x0000000781dfc0c0,0x0000000781e00000)
  to   space 41472K, 0% used [0x000000077d480000,0x000000077d480000,0x000000077fd00000)
 ParOldGen       total 122368K, used 42595K [0x00000006c1c00000, 0x00000006c9380000, 0x000000076b400000)
  object space 122368K, 34% used [0x00000006c1c00000,0x00000006c4598da8,0x00000006c9380000)
 Metaspace       used 24236K, capacity 24882K, committed 25088K, reserved 1071104K
  class space    used 2802K, capacity 2968K, committed 3072K, reserved 1048576K
Event: 8.332 GC heap after
Heap after GC invocations=10 (full 1):
 PSYoungGen      total 336896K, used 41461K [0x000000076b400000, 0x000000078b880000, 0x00000007c0000000)
  eden space 295424K, 0% used [0x000000076b400000,0x000000076b400000,0x000000077d480000)
  from space 41472K, 99% used [0x000000077d480000,0x000000077fcfd6a0,0x000000077fd00000)
  to   space 55296K, 0% used [0x0000000788280000,0x0000000788280000,0x000000078b880000)
 ParOldGen       total 122368K, used 61426K [0x00000006c1c00000, 0x00000006c9380000, 0x000000076b400000)
  object space 122368K, 50% used [0x00000006c1c00000,0x00000006c57fcb78,0x00000006c9380000)
 Metaspace       used 24236K, capacity 24882K, committed 25088K, reserved 1071104K
  class space    used 2802K, capacity 2968K, committed 3072K, reserved 1048576K
}
Event: 10.804 GC heap before
{Heap before GC invocations=11 (full 1):
 PSYoungGen      total 336896K, used 332335K [0x000000076b400000, 0x000000078b880000, 0x00000007c0000000)
  eden space 295424K, 98% used [0x000000076b400000,0x000000077d00e8a0,0x000000077d480000)
  from space 41472K, 99% used [0x000000077d480000,0x000000077fcfd6a0,0x000000077fd00000)
  to   space 55296K, 0% used [0x0000000788280000,0x0000000788280000,0x000000078b880000)
 ParOldGen       total 122368K, used 61426K [0x00000006c1c00000, 0x00000006c9380000, 0x000000076b400000)
  object space 122368K, 50% used [0x00000006c1c00000,0x00000006c57fcb78,0x00000006c9380000)
 Metaspace       used 34529K, capacity 35302K, committed 35416K, reserved 1081344K
  class space    used 4014K, capacity 4201K, committed 4224K, reserved 1048576K
Event: 10.837 GC heap after
Heap after GC invocations=11 (full 1):
 PSYoungGen      total 461312K, used 34348K [0x000000076b400000, 0x000000078b300000, 0x00000007c0000000)
  eden space 411648K, 0% used [0x000000076b400000,0x000000076b400000,0x0000000784600000)
  from space 49664K, 69% used [0x0000000788280000,0x000000078a40b238,0x000000078b300000)
  to   space 55808K, 0% used [0x0000000784600000,0x0000000784600000,0x0000000787c80000)
 ParOldGen       total 122368K, used 63270K [0x00000006c1c00000, 0x00000006c9380000, 0x000000076b400000)
  object space 122368K, 51% used [0x00000006c1c00000,0x00000006c59c9a78,0x00000006c9380000)
 Metaspace       used 34529K, capacity 35302K, committed 35416K, reserved 1081344K
  class space    used 4014K, capacity 4201K, committed 4224K, reserved 1048576K
}
Event: 10.837 GC heap before
{Heap before GC invocations=12 (full 2):
 PSYoungGen      total 461312K, used 34348K [0x000000076b400000, 0x000000078b300000, 0x00000007c0000000)
  eden space 411648K, 0% used [0x000000076b400000,0x000000076b400000,0x0000000784600000)
  from space 49664K, 69% used [0x0000000788280000,0x000000078a40b238,0x000000078b300000)
  to   space 55808K, 0% used [0x0000000784600000,0x0000000784600000,0x0000000787c80000)
 ParOldGen       total 122368K, used 63270K [0x00000006c1c00000, 0x00000006c9380000, 0x000000076b400000)
  object space 122368K, 51% used [0x00000006c1c00000,0x00000006c59c9a78,0x00000006c9380000)
 Metaspace       used 34529K, capacity 35302K, committed 35416K, reserved 1081344K
  class space    used 4014K, capacity 4201K, committed 4224K, reserved 1048576K
Event: 10.933 GC heap after
Heap after GC invocations=12 (full 2):
 PSYoungGen      total 461312K, used 0K [0x000000076b400000, 0x000000078b300000, 0x00000007c0000000)
  eden space 411648K, 0% used [0x000000076b400000,0x000000076b400000,0x0000000784600000)
  from space 49664K, 0% used [0x0000000788280000,0x0000000788280000,0x000000078b300000)
  to   space 55808K, 0% used [0x0000000784600000,0x0000000784600000,0x0000000787c80000)
 ParOldGen       total 207360K, used 51972K [0x00000006c1c00000, 0x00000006ce680000, 0x000000076b400000)
  object space 207360K, 25% used [0x00000006c1c00000,0x00000006c4ec1200,0x00000006ce680000)
 Metaspace       used 34529K, capacity 35302K, committed 35416K, reserved 1081344K
  class space    used 4014K, capacity 4201K, committed 4224K, reserved 1048576K
}

