# JRE version: Java(TM) SE Runtime Environment (8.0_191-b12) (build 1.8.0_191-b12)
# Java VM: Java HotSpot(TM) 64-Bit Server VM (25.191-b12 mixed mode windows-amd64 compressed oops)
Heap:
 PSYoungGen      total 151040K, used 92683K [0x000000076b400000, 0x0000000779480000, 0x00000007c0000000)
  eden space 131072K, 55% used [0x000000076b400000,0x000000076fb07878,0x0000000773400000)
  from space 19968K, 99% used [0x0000000778100000,0x000000077947b408,0x0000000779480000)
  to   space 10752K, 0% used [0x0000000773400000,0x0000000773400000,0x0000000773e80000)
 ParOldGen       total 119808K, used 28470K [0x00000006c1c00000, 0x00000006c9100000, 0x000000076b400000)
  object space 119808K, 23% used [0x00000006c1c00000,0x00000006c37cd8e0,0x00000006c9100000)
 Metaspace       used 23803K, capacity 24386K, committed 24496K, reserved 1071104K
  class space    used 2756K, capacity 2932K, committed 2992K, reserved 1048576K
GC Heap History (10 events):
Event: 2.725 GC heap before
{Heap before GC invocations=3 (full 0):
 PSYoungGen      total 76288K, used 75386K [0x000000076b400000, 0x0000000770900000, 0x00000007c0000000)
  eden space 65536K, 100% used [0x000000076b400000,0x000000076f400000,0x000000076f400000)
  from space 10752K, 91% used [0x000000076fe80000,0x000000077081e8d0,0x0000000770900000)
  to   space 10752K, 0% used [0x000000076f400000,0x000000076f400000,0x000000076fe80000)
 ParOldGen       total 175104K, used 32K [0x00000006c1c00000, 0x00000006cc700000, 0x000000076b400000)
  object space 175104K, 0% used [0x00000006c1c00000,0x00000006c1c08000,0x00000006cc700000)
 Metaspace       used 17183K, capacity 17734K, committed 18048K, reserved 1064960K
  class space    used 1997K, capacity 2165K, committed 2176K, reserved 1048576K
Event: 2.736 GC heap after
Heap after GC invocations=3 (full 0):
 PSYoungGen      total 76288K, used 10751K [0x000000076b400000, 0x0000000774900000, 0x00000007c0000000)
  eden space 65536K, 0% used [0x000000076b400000,0x000000076b400000,0x000000076f400000)
  from space 10752K, 99% used [0x000000076f400000,0x000000076fe7fc10,0x000000076fe80000)
  to   space 10752K, 0% used [0x0000000773e80000,0x0000000773e80000,0x0000000774900000)
 ParOldGen       total 175104K, used 1375K [0x00000006c1c00000, 0x00000006cc700000, 0x000000076b400000)
  object space 175104K, 0% used [0x00000006c1c00000,0x00000006c1d57d78,0x00000006cc700000)
 Metaspace       used 17183K, capacity 17734K, committed 18048K, reserved 1064960K
  class space    used 1997K, capacity 2165K, committed 2176K, reserved 1048576K
}
Event: 3.625 GC heap before
{Heap before GC invocations=4 (full 0):
 PSYoungGen      total 76288K, used 36921K [0x000000076b400000, 0x0000000774900000, 0x00000007c0000000)
  eden space 65536K, 39% used [0x000000076b400000,0x000000076cd8ebb0,0x000000076f400000)
  from space 10752K, 99% used [0x000000076f400000,0x000000076fe7fc10,0x000000076fe80000)
  to   space 10752K, 0% used [0x0000000773e80000,0x0000000773e80000,0x0000000774900000)
 ParOldGen       total 175104K, used 1375K [0x00000006c1c00000, 0x00000006cc700000, 0x000000076b400000)
  object space 175104K, 0% used [0x00000006c1c00000,0x00000006c1d57d78,0x00000006cc700000)
 Metaspace       used 20678K, capacity 21182K, committed 21296K, reserved 1069056K
  class space    used 2424K, capacity 2589K, committed 2608K, reserved 1048576K
Event: 3.646 GC heap after
Heap after GC invocations=4 (full 0):
 PSYoungGen      total 141824K, used 10744K [0x000000076b400000, 0x0000000774900000, 0x00000007c0000000)
  eden space 131072K, 0% used [0x000000076b400000,0x000000076b400000,0x0000000773400000)
  from space 10752K, 99% used [0x0000000773e80000,0x00000007748fe030,0x0000000774900000)
  to   space 10752K, 0% used [0x0000000773400000,0x0000000773400000,0x0000000773e80000)
 ParOldGen       total 175104K, used 4375K [0x00000006c1c00000, 0x00000006cc700000, 0x000000076b400000)
  object space 175104K, 2% used [0x00000006c1c00000,0x00000006c2045cf0,0x00000006cc700000)
 Metaspace       used 20678K, capacity 21182K, committed 21296K, reserved 1069056K
  class space    used 2424K, capacity 2589K, committed 2608K, reserved 1048576K
}
Event: 3.646 GC heap before
{Heap before GC invocations=5 (full 1):
 PSYoungGen      total 141824K, used 10744K [0x000000076b400000, 0x0000000774900000, 0x00000007c0000000)
  eden space 131072K, 0% used [0x000000076b400000,0x000000076b400000,0x0000000773400000)
  from space 10752K, 99% used [0x0000000773e80000,0x00000007748fe030,0x0000000774900000)
  to   space 10752K, 0% used [0x0000000773400000,0x0000000773400000,0x0000000773e80000)
 ParOldGen       total 175104K, used 4375K [0x00000006c1c00000, 0x00000006cc700000, 0x000000076b400000)
  object space 175104K, 2% used [0x00000006c1c00000,0x00000006c2045cf0,0x00000006cc700000)
 Metaspace       used 20678K, capacity 21182K, committed 21296K, reserved 1069056K
  class space    used 2424K, capacity 2589K, committed 2608K, reserved 1048576K
Event: 3.712 GC heap after
Heap after GC invocations=5 (full 1):
 PSYoungGen      total 141824K, used 0K [0x000000076b400000, 0x0000000774900000, 0x00000007c0000000)
  eden space 131072K, 0% used [0x000000076b400000,0x000000076b400000,0x0000000773400000)
  from space 10752K, 0% used [0x0000000773e80000,0x0000000773e80000,0x0000000774900000)
  to   space 10752K, 0% used [0x0000000773400000,0x0000000773400000,0x0000000773e80000)
 ParOldGen       total 119808K, used 13602K [0x00000006c1c00000, 0x00000006c9100000, 0x000000076b400000)
  object space 119808K, 11% used [0x00000006c1c00000,0x00000006c2948a58,0x00000006c9100000)
 Metaspace       used 20678K, capacity 21182K, committed 21296K, reserved 1069056K
  class space    used 2424K, capacity 2589K, committed 2608K, reserved 1048576K
}
Event: 4.631 GC heap before
{Heap before GC invocations=6 (full 1):
 PSYoungGen      total 141824K, used 131072K [0x000000076b400000, 0x0000000774900000, 0x00000007c0000000)
  eden space 131072K, 100% used [0x000000076b400000,0x0000000773400000,0x0000000773400000)
  from space 10752K, 0% used [0x0000000773e80000,0x0000000773e80000,0x0000000774900000)
  to   space 10752K, 0% used [0x0000000773400000,0x0000000773400000,0x0000000773e80000)
 ParOldGen       total 119808K, used 13602K [0x00000006c1c00000, 0x00000006c9100000, 0x000000076b400000)
  object space 119808K, 11% used [0x00000006c1c00000,0x00000006c2948a58,0x00000006c9100000)
 Metaspace       used 23796K, capacity 24386K, committed 24496K, reserved 1071104K
  class space    used 2756K, capacity 2932K, committed 2992K, reserved 1048576K
Event: 4.649 GC heap after
Heap after GC invocations=6 (full 1):
 PSYoungGen      total 141824K, used 10725K [0x000000076b400000, 0x0000000779480000, 0x00000007c0000000)
  eden space 131072K, 0% used [0x000000076b400000,0x000000076b400000,0x0000000773400000)
  from space 10752K, 99% used [0x0000000773400000,0x0000000773e796f8,0x0000000773e80000)
  to   space 19968K, 0% used [0x0000000778100000,0x0000000778100000,0x0000000779480000)
 ParOldGen       total 119808K, used 23078K [0x00000006c1c00000, 0x00000006c9100000, 0x000000076b400000)
  object space 119808K, 19% used [0x00000006c1c00000,0x00000006c32899c8,0x00000006c9100000)
 Metaspace       used 23796K, capacity 24386K, committed 24496K, reserved 1071104K
  class space    used 2756K, capacity 2932K, committed 2992K, reserved 1048576K
}
Event: 5.053 GC heap before
{Heap before GC invocations=7 (full 1):
 PSYoungGen      total 141824K, used 141797K [0x000000076b400000, 0x0000000779480000, 0x00000007c0000000)
  eden space 131072K, 100% used [0x000000076b400000,0x0000000773400000,0x0000000773400000)
  from space 10752K, 99% used [0x0000000773400000,0x0000000773e796f8,0x0000000773e80000)
  to   space 19968K, 0% used [0x0000000778100000,0x0000000778100000,0x0000000779480000)
 ParOldGen       total 119808K, used 23078K [0x00000006c1c00000, 0x00000006c9100000, 0x000000076b400000)
  object space 119808K, 19% used [0x00000006c1c00000,0x00000006c32899c8,0x00000006c9100000)
 Metaspace       used 23801K, capacity 24386K, committed 24496K, reserved 1071104K
  class space    used 2756K, capacity 2932K, committed 2992K, reserved 1048576K
Event: 5.072 GC heap after
Heap after GC invocations=7 (full 1):
 PSYoungGen      total 151040K, used 19949K [0x000000076b400000, 0x0000000779480000, 0x00000007c0000000)
  eden space 131072K, 0% used [0x000000076b400000,0x000000076b400000,0x0000000773400000)
  from space 19968K, 99% used [0x0000000778100000,0x000000077947b408,0x0000000779480000)
  to   space 10752K, 0% used [0x0000000773400000,0x0000000773400000,0x0000000773e80000)
 ParOldGen       total 119808K, used 28470K [0x00000006c1c00000, 0x00000006c9100000, 0x000000076b400000)
  object space 119808K, 23% used [0x00000006c1c00000,0x00000006c37cd8e0,0x00000006c9100000)
 Metaspace       used 23801K, capacity 24386K, committed 24496K, reserved 1071104K
  class space    used 2756K, capacity 2932K, committed 2992K, reserved 1048576K
}

