# JRE version: Java(TM) SE Runtime Environment (8.0_191-b12) (build 1.8.0_191-b12)
# Java VM: Java HotSpot(TM) 64-Bit Server VM (25.191-b12 mixed mode windows-amd64 compressed oops)
Heap:
 PSYoungGen      total 408064K, used 99706K [0x000000076b400000, 0x0000000791100000, 0x00000007c0000000)
  eden space 365056K, 27% used [0x000000076b400000,0x000000077155eb68,0x0000000781880000)
  from space 43008K, 0% used [0x0000000781880000,0x0000000781880000,0x0000000784280000)
  to   space 44544K, 0% used [0x000000078e580000,0x000000078e580000,0x0000000791100000)
 ParOldGen       total 162304K, used 30442K [0x00000006c1c00000, 0x00000006cba80000, 0x000000076b400000)
  object space 162304K, 18% used [0x00000006c1c00000,0x00000006c39ba9a8,0x00000006cba80000)
 Metaspace       used 39187K, capacity 39972K, committed 40152K, reserved 1085440K
  class space    used 4572K, capacity 4788K, committed 4864K, reserved 1048576K
GC Heap History (10 events):
Event: 12.516 GC heap before
{Heap before GC invocations=11 (full 1):
 PSYoungGen      total 197632K, used 197602K [0x000000076b400000, 0x000000077e900000, 0x00000007c0000000)
  eden space 173056K, 100% used [0x000000076b400000,0x0000000775d00000,0x0000000775d00000)
  from space 24576K, 99% used [0x0000000775d00000,0x00000007774f8a30,0x0000000777500000)
  to   space 31232K, 0% used [0x000000077ca80000,0x000000077ca80000,0x000000077e900000)
 ParOldGen       total 113152K, used 32843K [0x00000006c1c00000, 0x00000006c8a80000, 0x000000076b400000)
  object space 113152K, 29% used [0x00000006c1c00000,0x00000006c3c12c48,0x00000006c8a80000)
 Metaspace       used 24262K, capacity 24816K, committed 25088K, reserved 1071104K
  class space    used 2801K, capacity 2966K, committed 3072K, reserved 1048576K
Event: 12.543 GC heap after
Heap after GC invocations=11 (full 1):
 PSYoungGen      total 281600K, used 30776K [0x000000076b400000, 0x000000077f100000, 0x00000007c0000000)
  eden space 250368K, 0% used [0x000000076b400000,0x000000076b400000,0x000000077a880000)
  from space 31232K, 98% used [0x000000077ca80000,0x000000077e88e160,0x000000077e900000)
  to   space 34816K, 0% used [0x000000077a880000,0x000000077a880000,0x000000077ca80000)
 ParOldGen       total 113152K, used 35790K [0x00000006c1c00000, 0x00000006c8a80000, 0x000000076b400000)
  object space 113152K, 31% used [0x00000006c1c00000,0x00000006c3ef3bc0,0x00000006c8a80000)
 Metaspace       used 24262K, capacity 24816K, committed 25088K, reserved 1071104K
  class space    used 2801K, capacity 2966K, committed 3072K, reserved 1048576K
}
Event: 13.727 GC heap before
{Heap before GC invocations=12 (full 1):
 PSYoungGen      total 281600K, used 281144K [0x000000076b400000, 0x000000077f100000, 0x00000007c0000000)
  eden space 250368K, 100% used [0x000000076b400000,0x000000077a880000,0x000000077a880000)
  from space 31232K, 98% used [0x000000077ca80000,0x000000077e88e160,0x000000077e900000)
  to   space 34816K, 0% used [0x000000077a880000,0x000000077a880000,0x000000077ca80000)
 ParOldGen       total 113152K, used 35790K [0x00000006c1c00000, 0x00000006c8a80000, 0x000000076b400000)
  object space 113152K, 31% used [0x00000006c1c00000,0x00000006c3ef3bc0,0x00000006c8a80000)
 Metaspace       used 24274K, capacity 24882K, committed 25088K, reserved 1071104K
  class space    used 2803K, capacity 2968K, committed 3072K, reserved 1048576K
Event: 13.774 GC heap after
Heap after GC invocations=12 (full 1):
 PSYoungGen      total 285184K, used 34805K [0x000000076b400000, 0x0000000787100000, 0x00000007c0000000)
  eden space 250368K, 0% used [0x000000076b400000,0x000000076b400000,0x000000077a880000)
  from space 34816K, 99% used [0x000000077a880000,0x000000077ca7d690,0x000000077ca80000)
  to   space 43008K, 0% used [0x0000000784700000,0x0000000784700000,0x0000000787100000)
 ParOldGen       total 113152K, used 45245K [0x00000006c1c00000, 0x00000006c8a80000, 0x000000076b400000)
  object space 113152K, 39% used [0x00000006c1c00000,0x00000006c482f440,0x00000006c8a80000)
 Metaspace       used 24274K, capacity 24882K, committed 25088K, reserved 1071104K
  class space    used 2803K, capacity 2968K, committed 3072K, reserved 1048576K
}
Event: 16.719 GC heap before
{Heap before GC invocations=13 (full 1):
 PSYoungGen      total 285184K, used 285173K [0x000000076b400000, 0x0000000787100000, 0x00000007c0000000)
  eden space 250368K, 100% used [0x000000076b400000,0x000000077a880000,0x000000077a880000)
  from space 34816K, 99% used [0x000000077a880000,0x000000077ca7d690,0x000000077ca80000)
  to   space 43008K, 0% used [0x0000000784700000,0x0000000784700000,0x0000000787100000)
 ParOldGen       total 113152K, used 45245K [0x00000006c1c00000, 0x00000006c8a80000, 0x000000076b400000)
  object space 113152K, 39% used [0x00000006c1c00000,0x00000006c482f440,0x00000006c8a80000)
 Metaspace       used 32877K, capacity 33552K, committed 33792K, reserved 1079296K
  class space    used 3835K, capacity 4034K, committed 4096K, reserved 1048576K
Event: 16.750 GC heap after
Heap after GC invocations=13 (full 1):
 PSYoungGen      total 403456K, used 27394K [0x000000076b400000, 0x0000000786c80000, 0x00000007c0000000)
  eden space 365056K, 0% used [0x000000076b400000,0x000000076b400000,0x0000000781880000)
  from space 38400K, 71% used [0x0000000784700000,0x00000007861c08c8,0x0000000786c80000)
  to   space 43008K, 0% used [0x0000000781880000,0x0000000781880000,0x0000000784280000)
 ParOldGen       total 113152K, used 48219K [0x00000006c1c00000, 0x00000006c8a80000, 0x000000076b400000)
  object space 113152K, 42% used [0x00000006c1c00000,0x00000006c4b16f50,0x00000006c8a80000)
 Metaspace       used 32877K, capacity 33552K, committed 33792K, reserved 1079296K
  class space    used 3835K, capacity 4034K, committed 4096K, reserved 1048576K
}
Event: 17.170 GC heap before
{Heap before GC invocations=14 (full 1):
 PSYoungGen      total 403456K, used 58279K [0x000000076b400000, 0x0000000786c80000, 0x00000007c0000000)
  eden space 365056K, 8% used [0x000000076b400000,0x000000076d229578,0x0000000781880000)
  from space 38400K, 71% used [0x0000000784700000,0x00000007861c08c8,0x0000000786c80000)
  to   space 43008K, 0% used [0x0000000781880000,0x0000000781880000,0x0000000784280000)
 ParOldGen       total 113152K, used 48219K [0x00000006c1c00000, 0x00000006c8a80000, 0x000000076b400000)
  object space 113152K, 42% used [0x00000006c1c00000,0x00000006c4b16f50,0x00000006c8a80000)
 Metaspace       used 34559K, capacity 35302K, committed 35416K, reserved 1081344K
  class space    used 4014K, capacity 4201K, committed 4224K, reserved 1048576K
Event: 17.181 GC heap after
Heap after GC invocations=14 (full 1):
 PSYoungGen      total 408064K, used 2221K [0x000000076b400000, 0x0000000791100000, 0x00000007c0000000)
  eden space 365056K, 0% used [0x000000076b400000,0x000000076b400000,0x0000000781880000)
  from space 43008K, 5% used [0x0000000781880000,0x0000000781aab6b0,0x0000000784280000)
  to   space 44544K, 0% used [0x000000078e580000,0x000000078e580000,0x0000000791100000)
 ParOldGen       total 113152K, used 56124K [0x00000006c1c00000, 0x00000006c8a80000, 0x000000076b400000)
  object space 113152K, 49% used [0x00000006c1c00000,0x00000006c52cf3f8,0x00000006c8a80000)
 Metaspace       used 34559K, capacity 35302K, committed 35416K, reserved 1081344K
  class space    used 4014K, capacity 4201K, committed 4224K, reserved 1048576K
}
Event: 17.181 GC heap before
{Heap before GC invocations=15 (full 2):
 PSYoungGen      total 408064K, used 2221K [0x000000076b400000, 0x0000000791100000, 0x00000007c0000000)
  eden space 365056K, 0% used [0x000000076b400000,0x000000076b400000,0x0000000781880000)
  from space 43008K, 5% used [0x0000000781880000,0x0000000781aab6b0,0x0000000784280000)
  to   space 44544K, 0% used [0x000000078e580000,0x000000078e580000,0x0000000791100000)
 ParOldGen       total 113152K, used 56124K [0x00000006c1c00000, 0x00000006c8a80000, 0x000000076b400000)
  object space 113152K, 49% used [0x00000006c1c00000,0x00000006c52cf3f8,0x00000006c8a80000)
 Metaspace       used 34559K, capacity 35302K, committed 35416K, reserved 1081344K
  class space    used 4014K, capacity 4201K, committed 4224K, reserved 1048576K
Event: 17.267 GC heap after
Heap after GC invocations=15 (full 2):
 PSYoungGen      total 408064K, used 0K [0x000000076b400000, 0x0000000791100000, 0x00000007c0000000)
  eden space 365056K, 0% used [0x000000076b400000,0x000000076b400000,0x0000000781880000)
  from space 43008K, 0% used [0x0000000781880000,0x0000000781880000,0x0000000784280000)
  to   space 44544K, 0% used [0x000000078e580000,0x000000078e580000,0x0000000791100000)
 ParOldGen       total 162304K, used 30442K [0x00000006c1c00000, 0x00000006cba80000, 0x000000076b400000)
  object space 162304K, 18% used [0x00000006c1c00000,0x00000006c39ba9a8,0x00000006cba80000)
 Metaspace       used 34559K, capacity 35302K, committed 35416K, reserved 1081344K
  class space    used 4014K, capacity 4201K, committed 4224K, reserved 1048576K
}

