# JRE version: Java(TM) SE Runtime Environment (8.0_191-b12) (build 1.8.0_191-b12)
# Java VM: Java HotSpot(TM) 64-Bit Server VM (25.191-b12 mixed mode windows-amd64 compressed oops)
Heap:
 PSYoungGen      total 306688K, used 244829K [0x000000076b400000, 0x0000000781700000, 0x00000007c0000000)
  eden space 258048K, 82% used [0x000000076b400000,0x000000077831b930,0x000000077b000000)
  from space 48640K, 67% used [0x000000077e100000,0x00000007800fbe80,0x0000000781080000)
  to   space 50176K, 0% used [0x000000077b000000,0x000000077b000000,0x000000077e100000)
 ParOldGen       total 119808K, used 79084K [0x00000006c1c00000, 0x00000006c9100000, 0x000000076b400000)
  object space 119808K, 66% used [0x00000006c1c00000,0x00000006c693b038,0x00000006c9100000)
 Metaspace       used 33739K, capacity 34470K, committed 34688K, reserved 1079296K
  class space    used 3928K, capacity 4137K, committed 4224K, reserved 1048576K
GC Heap History (10 events):
Event: 4.203 GC heap before
{Heap before GC invocations=7 (full 1):
 PSYoungGen      total 141824K, used 141792K [0x000000076b400000, 0x0000000779480000, 0x00000007c0000000)
  eden space 131072K, 100% used [0x000000076b400000,0x0000000773400000,0x0000000773400000)
  from space 10752K, 99% used [0x0000000773400000,0x0000000773e780f0,0x0000000773e80000)
  to   space 19456K, 0% used [0x0000000778180000,0x0000000778180000,0x0000000779480000)
 ParOldGen       total 119808K, used 22513K [0x00000006c1c00000, 0x00000006c9100000, 0x000000076b400000)
  object space 119808K, 18% used [0x00000006c1c00000,0x00000006c31fc648,0x00000006c9100000)
 Metaspace       used 24192K, capacity 24770K, committed 24960K, reserved 1071104K
  class space    used 2796K, capacity 2932K, committed 2944K, reserved 1048576K
Event: 4.221 GC heap after
Heap after GC invocations=7 (full 1):
 PSYoungGen      total 202240K, used 19442K [0x000000076b400000, 0x000000077b400000, 0x00000007c0000000)
  eden space 182784K, 0% used [0x000000076b400000,0x000000076b400000,0x0000000776680000)
  from space 19456K, 99% used [0x0000000778180000,0x000000077947caa0,0x0000000779480000)
  to   space 27648K, 0% used [0x0000000776680000,0x0000000776680000,0x0000000778180000)
 ParOldGen       total 119808K, used 32054K [0x00000006c1c00000, 0x00000006c9100000, 0x000000076b400000)
  object space 119808K, 26% used [0x00000006c1c00000,0x00000006c3b4d998,0x00000006c9100000)
 Metaspace       used 24192K, capacity 24770K, committed 24960K, reserved 1071104K
  class space    used 2796K, capacity 2932K, committed 2944K, reserved 1048576K
}
Event: 4.681 GC heap before
{Heap before GC invocations=8 (full 1):
 PSYoungGen      total 202240K, used 202226K [0x000000076b400000, 0x000000077b400000, 0x00000007c0000000)
  eden space 182784K, 100% used [0x000000076b400000,0x0000000776680000,0x0000000776680000)
  from space 19456K, 99% used [0x0000000778180000,0x000000077947caa0,0x0000000779480000)
  to   space 27648K, 0% used [0x0000000776680000,0x0000000776680000,0x0000000778180000)
 ParOldGen       total 119808K, used 32054K [0x00000006c1c00000, 0x00000006c9100000, 0x000000076b400000)
  object space 119808K, 26% used [0x00000006c1c00000,0x00000006c3b4d998,0x00000006c9100000)
 Metaspace       used 24209K, capacity 24780K, committed 24960K, reserved 1071104K
  class space    used 2798K, capacity 2934K, committed 2944K, reserved 1048576K
Event: 4.698 GC heap after
Heap after GC invocations=8 (full 1):
 PSYoungGen      total 210432K, used 27629K [0x000000076b400000, 0x000000077b400000, 0x00000007c0000000)
  eden space 182784K, 0% used [0x000000076b400000,0x000000076b400000,0x0000000776680000)
  from space 27648K, 99% used [0x0000000776680000,0x000000077817b7c0,0x0000000778180000)
  to   space 19456K, 0% used [0x0000000778180000,0x0000000778180000,0x0000000779480000)
 ParOldGen       total 119808K, used 38930K [0x00000006c1c00000, 0x00000006c9100000, 0x000000076b400000)
  object space 119808K, 32% used [0x00000006c1c00000,0x00000006c4204890,0x00000006c9100000)
 Metaspace       used 24209K, capacity 24780K, committed 24960K, reserved 1071104K
  class space    used 2798K, capacity 2934K, committed 2944K, reserved 1048576K
}
Event: 5.037 GC heap before
{Heap before GC invocations=9 (full 1):
 PSYoungGen      total 210432K, used 210413K [0x000000076b400000, 0x000000077b400000, 0x00000007c0000000)
  eden space 182784K, 100% used [0x000000076b400000,0x0000000776680000,0x0000000776680000)
  from space 27648K, 99% used [0x0000000776680000,0x000000077817b7c0,0x0000000778180000)
  to   space 19456K, 0% used [0x0000000778180000,0x0000000778180000,0x0000000779480000)
 ParOldGen       total 119808K, used 38930K [0x00000006c1c00000, 0x00000006c9100000, 0x000000076b400000)
  object space 119808K, 32% used [0x00000006c1c00000,0x00000006c4204890,0x00000006c9100000)
 Metaspace       used 24228K, capacity 24812K, committed 25088K, reserved 1071104K
  class space    used 2800K, capacity 2966K, committed 3072K, reserved 1048576K
Event: 5.054 GC heap after
Heap after GC invocations=9 (full 1):
 PSYoungGen      total 202240K, used 19454K [0x000000076b400000, 0x000000077b400000, 0x00000007c0000000)
  eden space 182784K, 0% used [0x000000076b400000,0x000000076b400000,0x0000000776680000)
  from space 19456K, 99% used [0x0000000778180000,0x000000077947fb28,0x0000000779480000)
  to   space 27648K, 0% used [0x0000000776680000,0x0000000776680000,0x0000000778180000)
 ParOldGen       total 119808K, used 59628K [0x00000006c1c00000, 0x00000006c9100000, 0x000000076b400000)
  object space 119808K, 49% used [0x00000006c1c00000,0x00000006c563b2b8,0x00000006c9100000)
 Metaspace       used 24228K, capacity 24812K, committed 25088K, reserved 1071104K
  class space    used 2800K, capacity 2966K, committed 3072K, reserved 1048576K
}
Event: 5.399 GC heap before
{Heap before GC invocations=10 (full 1):
 PSYoungGen      total 202240K, used 202238K [0x000000076b400000, 0x000000077b400000, 0x00000007c0000000)
  eden space 182784K, 100% used [0x000000076b400000,0x0000000776680000,0x0000000776680000)
  from space 19456K, 99% used [0x0000000778180000,0x000000077947fb28,0x0000000779480000)
  to   space 27648K, 0% used [0x0000000776680000,0x0000000776680000,0x0000000778180000)
 ParOldGen       total 119808K, used 59628K [0x00000006c1c00000, 0x00000006c9100000, 0x000000076b400000)
  object space 119808K, 49% used [0x00000006c1c00000,0x00000006c563b2b8,0x00000006c9100000)
 Metaspace       used 24238K, capacity 24880K, committed 25088K, reserved 1071104K
  class space    used 2802K, capacity 2966K, committed 3072K, reserved 1048576K
Event: 5.414 GC heap after
Heap after GC invocations=10 (full 1):
 PSYoungGen      total 210432K, used 27633K [0x000000076b400000, 0x0000000781080000, 0x00000007c0000000)
  eden space 182784K, 0% used [0x000000076b400000,0x000000076b400000,0x0000000776680000)
  from space 27648K, 99% used [0x0000000776680000,0x000000077817c638,0x0000000778180000)
  to   space 48640K, 0% used [0x000000077e100000,0x000000077e100000,0x0000000781080000)
 ParOldGen       total 119808K, used 73185K [0x00000006c1c00000, 0x00000006c9100000, 0x000000076b400000)
  object space 119808K, 61% used [0x00000006c1c00000,0x00000006c63784e0,0x00000006c9100000)
 Metaspace       used 24238K, capacity 24880K, committed 25088K, reserved 1071104K
  class space    used 2802K, capacity 2966K, committed 3072K, reserved 1048576K
}
Event: 5.746 GC heap before
{Heap before GC invocations=11 (full 1):
 PSYoungGen      total 210432K, used 210417K [0x000000076b400000, 0x0000000781080000, 0x00000007c0000000)
  eden space 182784K, 100% used [0x000000076b400000,0x0000000776680000,0x0000000776680000)
  from space 27648K, 99% used [0x0000000776680000,0x000000077817c638,0x0000000778180000)
  to   space 48640K, 0% used [0x000000077e100000,0x000000077e100000,0x0000000781080000)
 ParOldGen       total 119808K, used 73185K [0x00000006c1c00000, 0x00000006c9100000, 0x000000076b400000)
  object space 119808K, 61% used [0x00000006c1c00000,0x00000006c63784e0,0x00000006c9100000)
 Metaspace       used 24245K, capacity 24882K, committed 25088K, reserved 1071104K
  class space    used 2802K, capacity 2968K, committed 3072K, reserved 1048576K
Event: 5.765 GC heap after
Heap after GC invocations=11 (full 1):
 PSYoungGen      total 306688K, used 32751K [0x000000076b400000, 0x0000000781700000, 0x00000007c0000000)
  eden space 258048K, 0% used [0x000000076b400000,0x000000076b400000,0x000000077b000000)
  from space 48640K, 67% used [0x000000077e100000,0x00000007800fbe80,0x0000000781080000)
  to   space 50176K, 0% used [0x000000077b000000,0x000000077b000000,0x000000077e100000)
 ParOldGen       total 119808K, used 79084K [0x00000006c1c00000, 0x00000006c9100000, 0x000000076b400000)
  object space 119808K, 66% used [0x00000006c1c00000,0x00000006c693b038,0x00000006c9100000)
 Metaspace       used 24245K, capacity 24882K, committed 25088K, reserved 1071104K
  class space    used 2802K, capacity 2968K, committed 3072K, reserved 1048576K
}

